[0.020s] Invoking command in '/home/affan/Documents/FY_Project/build/isaac_ros_pose_proc': CMAKE_PREFIX_PATH=/opt/ros/humble /usr/bin/cmake /home/affan/Documents/FY_Project/src/isaac_ros_pose_estimation/isaac_ros_pose_proc -DAMENT_CMAKE_SYMLINK_INSTALL=1 -DCMAKE_INSTALL_PREFIX=/home/affan/Documents/FY_Project/install/isaac_ros_pose_proc
[0.137s] -- The C compiler identification is GNU 11.4.0
[0.235s] -- The CXX compiler identification is GNU 11.4.0
[0.247s] -- Detecting C compiler ABI info
[0.320s] -- Detecting C compiler ABI info - done
[0.325s] -- Check for working C compiler: /usr/bin/cc - skipped
[0.326s] -- Detecting C compile features
[0.326s] -- Detecting C compile features - done
[0.330s] -- Detecting CXX compiler ABI info
[0.416s] -- Detecting CXX compiler ABI info - done
[0.423s] -- Check for working CXX compiler: /usr/bin/c++ - skipped
[0.423s] -- Detecting CXX compile features
[0.423s] -- Detecting CXX compile features - done
[0.428s] -- Found ament_cmake_auto: 1.3.12 (/opt/ros/humble/share/ament_cmake_auto/cmake)
[0.586s] -- Found Python3: /usr/bin/python3 (found version "3.10.12") found components: Interpreter 
[0.660s] -- Override CMake install command with custom implementation using symlinks instead of copying resources
[0.831s] -- Found rosidl_generator_c: 3.1.7 (/opt/ros/humble/share/rosidl_generator_c/cmake)
[0.837s] -- Found rosidl_adapter: 3.1.7 (/opt/ros/humble/share/rosidl_adapter/cmake)
[0.849s] -- Found rosidl_generator_cpp: 3.1.7 (/opt/ros/humble/share/rosidl_generator_cpp/cmake)
[0.867s] -- Using all available rosidl_typesupport_c: rosidl_typesupport_fastrtps_c;rosidl_typesupport_introspection_c
[0.887s] -- Using all available rosidl_typesupport_cpp: rosidl_typesupport_fastrtps_cpp;rosidl_typesupport_introspection_cpp
[0.948s] -- Found rmw_implementation_cmake: 6.1.2 (/opt/ros/humble/share/rmw_implementation_cmake/cmake)
[0.952s] -- Found rmw_fastrtps_cpp: 6.2.9 (/opt/ros/humble/share/rmw_fastrtps_cpp/cmake)
[1.054s] -- Found OpenSSL: /usr/lib/x86_64-linux-gnu/libcrypto.so (found version "3.0.2")  
[1.077s] -- Found FastRTPS: /opt/ros/humble/include  
[1.114s] -- Using RMW implementation 'rmw_fastrtps_cpp' as default
[1.123s] -- Looking for pthread.h
[1.197s] -- Looking for pthread.h - found
[1.197s] -- Performing Test CMAKE_HAVE_LIBC_PTHREAD
[1.270s] -- Performing Test CMAKE_HAVE_LIBC_PTHREAD - Success
[1.271s] -- Found Threads: TRUE  
[1.452s] -- Found eigen3_cmake_module: 0.1.1 (/opt/ros/humble/share/eigen3_cmake_module/cmake)
[1.453s] -- Found Eigen3: TRUE (found version "3.4.0") 
[1.453s] -- Ensuring Eigen3 include directory is part of orocos-kdl CMake target
[1.476s] -- Found ament_lint_auto: 0.12.14 (/opt/ros/humble/share/ament_lint_auto/cmake)
[1.502s] -- Found launch_testing_ament_cmake: 1.0.11 (/opt/ros/humble/share/launch_testing_ament_cmake/cmake)
[1.503s] -- Found python_cmake_module: 0.10.0 (/opt/ros/humble/share/python_cmake_module/cmake)
[1.522s] -- Found PythonInterp: /usr/bin/python3 (found suitable version "3.10.12", minimum required is "3.6") 
[1.527s] -- Found PythonLibs: /usr/lib/x86_64-linux-gnu/libpython3.10.so (found suitable version "3.10.12", minimum required is "3.5") 
[1.527s] -- Using PYTHON_EXECUTABLE: /usr/bin/python3
[1.527s] -- Using PYTHON_INCLUDE_DIRS: /usr/include/python3.10
[1.527s] -- Using PYTHON_LIBRARIES: /usr/lib/x86_64-linux-gnu/libpython3.10.so
[1.544s] -- Found PythonExtra: .so  
[1.545s] [31mCMake Error at /opt/ros/humble/share/ament_cmake_core/cmake/index/ament_index_get_resource.cmake:62 (message):
[1.545s]   ament_index_get_resource() called with not existing resource
[1.545s]   ('isaac_ros_common_cmake_path' 'isaac_ros_common')
[1.545s] Call Stack (most recent call first):
[1.545s]   CMakeLists.txt:105 (ament_index_get_resource)
[1.545s] 
[1.545s] [0m
[1.545s] -- Configuring incomplete, errors occurred!
[1.545s] See also "/home/affan/Documents/FY_Project/build/isaac_ros_pose_proc/CMakeFiles/CMakeOutput.log".
