running egg_info
creating ../../build/multi_view_pkg/multi_view_pkg.egg-info
writing ../../build/multi_view_pkg/multi_view_pkg.egg-info/PKG-INFO
writing dependency_links to ../../build/multi_view_pkg/multi_view_pkg.egg-info/dependency_links.txt
writing entry points to ../../build/multi_view_pkg/multi_view_pkg.egg-info/entry_points.txt
writing requirements to ../../build/multi_view_pkg/multi_view_pkg.egg-info/requires.txt
writing top-level names to ../../build/multi_view_pkg/multi_view_pkg.egg-info/top_level.txt
writing manifest file '../../build/multi_view_pkg/multi_view_pkg.egg-info/SOURCES.txt'
reading manifest file '../../build/multi_view_pkg/multi_view_pkg.egg-info/SOURCES.txt'
writing manifest file '../../build/multi_view_pkg/multi_view_pkg.egg-info/SOURCES.txt'
running build
running build_py
creating /home/affan/Documents/FY_Project/build/multi_view_pkg/build
creating /home/affan/Documents/FY_Project/build/multi_view_pkg/build/lib
creating /home/affan/Documents/FY_Project/build/multi_view_pkg/build/lib/multi_view_pkg
copying multi_view_pkg/__init__.py -> /home/affan/Documents/FY_Project/build/multi_view_pkg/build/lib/multi_view_pkg
copying multi_view_pkg/coordinator_node.py -> /home/affan/Documents/FY_Project/build/multi_view_pkg/build/lib/multi_view_pkg
running install
running install_lib
creating /home/affan/Documents/FY_Project/install/multi_view_pkg/lib/python3.10/site-packages/multi_view_pkg
copying /home/affan/Documents/FY_Project/build/multi_view_pkg/build/lib/multi_view_pkg/__init__.py -> /home/affan/Documents/FY_Project/install/multi_view_pkg/lib/python3.10/site-packages/multi_view_pkg
copying /home/affan/Documents/FY_Project/build/multi_view_pkg/build/lib/multi_view_pkg/coordinator_node.py -> /home/affan/Documents/FY_Project/install/multi_view_pkg/lib/python3.10/site-packages/multi_view_pkg
byte-compiling /home/affan/Documents/FY_Project/install/multi_view_pkg/lib/python3.10/site-packages/multi_view_pkg/__init__.py to __init__.cpython-310.pyc
byte-compiling /home/affan/Documents/FY_Project/install/multi_view_pkg/lib/python3.10/site-packages/multi_view_pkg/coordinator_node.py to coordinator_node.cpython-310.pyc
running install_data
creating /home/affan/Documents/FY_Project/install/multi_view_pkg/share/ament_index
creating /home/affan/Documents/FY_Project/install/multi_view_pkg/share/ament_index/resource_index
creating /home/affan/Documents/FY_Project/install/multi_view_pkg/share/ament_index/resource_index/packages
copying resource/multi_view_pkg -> /home/affan/Documents/FY_Project/install/multi_view_pkg/share/ament_index/resource_index/packages
copying package.xml -> /home/affan/Documents/FY_Project/install/multi_view_pkg/share/multi_view_pkg
running install_egg_info
Copying ../../build/multi_view_pkg/multi_view_pkg.egg-info to /home/affan/Documents/FY_Project/install/multi_view_pkg/lib/python3.10/site-packages/multi_view_pkg-0.0.0-py3.10.egg-info
running install_scripts
Installing mover script to /home/affan/Documents/FY_Project/install/multi_view_pkg/lib/multi_view_pkg
writing list of installed files to '/home/affan/Documents/FY_Project/build/multi_view_pkg/install.log'
