[0.202s] DEBUG:colcon:Command line arguments: ['/usr/bin/colcon', 'build', '--symlink-install', '--packages-up-to', 'isaac_ros_dope']
[0.202s] DEBUG:colcon:Parsed command line arguments: Namespace(log_base=None, log_level=None, verb_name='build', build_base='build', install_base='install', merge_install=False, symlink_install=True, test_result_base=None, continue_on_error=False, executor='parallel', parallel_workers=16, event_handlers=None, ignore_user_meta=False, metas=['./colcon.meta'], base_paths=['.'], packages_ignore=None, packages_ignore_regex=None, paths=None, packages_up_to=['isaac_ros_dope'], packages_up_to_regex=None, packages_above=None, packages_above_and_dependencies=None, packages_above_depth=None, packages_select_by_dep=None, packages_skip_by_dep=None, packages_skip_up_to=None, packages_select_build_failed=False, packages_skip_build_finished=False, packages_select_test_failures=False, packages_skip_test_passed=False, packages_select=None, packages_skip=None, packages_select_regex=None, packages_skip_regex=None, packages_start=None, packages_end=None, allow_overriding=[], cmake_args=None, cmake_target=None, cmake_target_skip_unavailable=False, cmake_clean_cache=False, cmake_clean_first=False, cmake_force_configure=False, ament_cmake_args=None, catkin_cmake_args=None, catkin_skip_building_tests=False, mixin_files=None, mixin=None, verb_parser=<colcon_mixin.mixin.mixin_argument.MixinArgumentDecorator object at 0x7239a7f5e5c0>, verb_extension=<colcon_core.verb.build.BuildVerb object at 0x7239a7f5df30>, main=<bound method BuildVerb.main of <colcon_core.verb.build.BuildVerb object at 0x7239a7f5df30>>, mixin_verb=('build',))
[0.394s] Level 1:colcon.colcon_core.package_discovery:discover_packages(colcon_meta) check parameters
[0.394s] Level 1:colcon.colcon_core.package_discovery:discover_packages(recursive) check parameters
[0.394s] Level 1:colcon.colcon_core.package_discovery:discover_packages(ignore) check parameters
[0.394s] Level 1:colcon.colcon_core.package_discovery:discover_packages(path) check parameters
[0.394s] Level 1:colcon.colcon_core.package_discovery:discover_packages(colcon_meta) discover
[0.395s] Level 1:colcon.colcon_core.package_discovery:discover_packages(recursive) discover
[0.395s] INFO:colcon.colcon_core.package_discovery:Crawling recursively for packages in '/home/affan/Documents/FY_Project'
[0.395s] Level 1:colcon.colcon_core.package_identification:_identify(.) by extensions ['ignore', 'ignore_ament_install']
[0.395s] Level 1:colcon.colcon_core.package_identification:_identify(.) by extension 'ignore'
[0.395s] Level 1:colcon.colcon_core.package_identification:_identify(.) by extension 'ignore_ament_install'
[0.395s] Level 1:colcon.colcon_core.package_identification:_identify(.) by extensions ['colcon_pkg']
[0.395s] Level 1:colcon.colcon_core.package_identification:_identify(.) by extension 'colcon_pkg'
[0.395s] Level 1:colcon.colcon_core.package_identification:_identify(.) by extensions ['colcon_meta']
[0.395s] Level 1:colcon.colcon_core.package_identification:_identify(.) by extension 'colcon_meta'
[0.395s] Level 1:colcon.colcon_core.package_identification:_identify(.) by extensions ['ros']
[0.395s] Level 1:colcon.colcon_core.package_identification:_identify(.) by extension 'ros'
[0.404s] Level 1:colcon.colcon_core.package_identification:_identify(.) by extensions ['cmake', 'python']
[0.404s] Level 1:colcon.colcon_core.package_identification:_identify(.) by extension 'cmake'
[0.404s] Level 1:colcon.colcon_core.package_identification:_identify(.) by extension 'python'
[0.404s] Level 1:colcon.colcon_core.package_identification:_identify(.) by extensions ['python_setup_py']
[0.405s] Level 1:colcon.colcon_core.package_identification:_identify(.) by extension 'python_setup_py'
[0.405s] Level 1:colcon.colcon_core.package_identification:_identify(build) by extensions ['ignore', 'ignore_ament_install']
[0.405s] Level 1:colcon.colcon_core.package_identification:_identify(build) by extension 'ignore'
[0.405s] Level 1:colcon.colcon_core.package_identification:_identify(build) ignored
[0.405s] Level 1:colcon.colcon_core.package_identification:_identify(install) by extensions ['ignore', 'ignore_ament_install']
[0.405s] Level 1:colcon.colcon_core.package_identification:_identify(install) by extension 'ignore'
[0.405s] Level 1:colcon.colcon_core.package_identification:_identify(install) ignored
[0.405s] Level 1:colcon.colcon_core.package_identification:_identify(log) by extensions ['ignore', 'ignore_ament_install']
[0.405s] Level 1:colcon.colcon_core.package_identification:_identify(log) by extension 'ignore'
[0.405s] Level 1:colcon.colcon_core.package_identification:_identify(log) ignored
[0.405s] Level 1:colcon.colcon_core.package_identification:_identify(src) by extensions ['ignore', 'ignore_ament_install']
[0.405s] Level 1:colcon.colcon_core.package_identification:_identify(src) by extension 'ignore'
[0.405s] Level 1:colcon.colcon_core.package_identification:_identify(src) by extension 'ignore_ament_install'
[0.406s] Level 1:colcon.colcon_core.package_identification:_identify(src) by extensions ['colcon_pkg']
[0.406s] Level 1:colcon.colcon_core.package_identification:_identify(src) by extension 'colcon_pkg'
[0.406s] Level 1:colcon.colcon_core.package_identification:_identify(src) by extensions ['colcon_meta']
[0.406s] Level 1:colcon.colcon_core.package_identification:_identify(src) by extension 'colcon_meta'
[0.406s] Level 1:colcon.colcon_core.package_identification:_identify(src) by extensions ['ros']
[0.406s] Level 1:colcon.colcon_core.package_identification:_identify(src) by extension 'ros'
[0.406s] Level 1:colcon.colcon_core.package_identification:_identify(src) by extensions ['cmake', 'python']
[0.406s] Level 1:colcon.colcon_core.package_identification:_identify(src) by extension 'cmake'
[0.406s] Level 1:colcon.colcon_core.package_identification:_identify(src) by extension 'python'
[0.406s] Level 1:colcon.colcon_core.package_identification:_identify(src) by extensions ['python_setup_py']
[0.406s] Level 1:colcon.colcon_core.package_identification:_identify(src) by extension 'python_setup_py'
[0.406s] Level 1:colcon.colcon_core.package_identification:_identify(src/isaac_ros_pose_estimation) by extensions ['ignore', 'ignore_ament_install']
[0.406s] Level 1:colcon.colcon_core.package_identification:_identify(src/isaac_ros_pose_estimation) by extension 'ignore'
[0.406s] Level 1:colcon.colcon_core.package_identification:_identify(src/isaac_ros_pose_estimation) by extension 'ignore_ament_install'
[0.406s] Level 1:colcon.colcon_core.package_identification:_identify(src/isaac_ros_pose_estimation) by extensions ['colcon_pkg']
[0.406s] Level 1:colcon.colcon_core.package_identification:_identify(src/isaac_ros_pose_estimation) by extension 'colcon_pkg'
[0.406s] Level 1:colcon.colcon_core.package_identification:_identify(src/isaac_ros_pose_estimation) by extensions ['colcon_meta']
[0.406s] Level 1:colcon.colcon_core.package_identification:_identify(src/isaac_ros_pose_estimation) by extension 'colcon_meta'
[0.406s] Level 1:colcon.colcon_core.package_identification:_identify(src/isaac_ros_pose_estimation) by extensions ['ros']
[0.406s] Level 1:colcon.colcon_core.package_identification:_identify(src/isaac_ros_pose_estimation) by extension 'ros'
[0.406s] Level 1:colcon.colcon_core.package_identification:_identify(src/isaac_ros_pose_estimation) by extensions ['cmake', 'python']
[0.407s] Level 1:colcon.colcon_core.package_identification:_identify(src/isaac_ros_pose_estimation) by extension 'cmake'
[0.407s] Level 1:colcon.colcon_core.package_identification:_identify(src/isaac_ros_pose_estimation) by extension 'python'
[0.407s] Level 1:colcon.colcon_core.package_identification:_identify(src/isaac_ros_pose_estimation) by extensions ['python_setup_py']
[0.407s] Level 1:colcon.colcon_core.package_identification:_identify(src/isaac_ros_pose_estimation) by extension 'python_setup_py'
[0.407s] Level 1:colcon.colcon_core.package_identification:_identify(src/isaac_ros_pose_estimation/isaac_ros_centerpose) by extensions ['ignore', 'ignore_ament_install']
[0.407s] Level 1:colcon.colcon_core.package_identification:_identify(src/isaac_ros_pose_estimation/isaac_ros_centerpose) by extension 'ignore'
[0.407s] Level 1:colcon.colcon_core.package_identification:_identify(src/isaac_ros_pose_estimation/isaac_ros_centerpose) by extension 'ignore_ament_install'
[0.407s] Level 1:colcon.colcon_core.package_identification:_identify(src/isaac_ros_pose_estimation/isaac_ros_centerpose) by extensions ['colcon_pkg']
[0.407s] Level 1:colcon.colcon_core.package_identification:_identify(src/isaac_ros_pose_estimation/isaac_ros_centerpose) by extension 'colcon_pkg'
[0.407s] Level 1:colcon.colcon_core.package_identification:_identify(src/isaac_ros_pose_estimation/isaac_ros_centerpose) by extensions ['colcon_meta']
[0.407s] Level 1:colcon.colcon_core.package_identification:_identify(src/isaac_ros_pose_estimation/isaac_ros_centerpose) by extension 'colcon_meta'
[0.407s] Level 1:colcon.colcon_core.package_identification:_identify(src/isaac_ros_pose_estimation/isaac_ros_centerpose) by extensions ['ros']
[0.407s] Level 1:colcon.colcon_core.package_identification:_identify(src/isaac_ros_pose_estimation/isaac_ros_centerpose) by extension 'ros'
[0.411s] DEBUG:colcon.colcon_core.package_identification:Package 'src/isaac_ros_pose_estimation/isaac_ros_centerpose' with type 'ros.ament_cmake' and name 'isaac_ros_centerpose'
[0.411s] Level 1:colcon.colcon_core.package_identification:_identify(src/isaac_ros_pose_estimation/isaac_ros_dope) by extensions ['ignore', 'ignore_ament_install']
[0.411s] Level 1:colcon.colcon_core.package_identification:_identify(src/isaac_ros_pose_estimation/isaac_ros_dope) by extension 'ignore'
[0.411s] Level 1:colcon.colcon_core.package_identification:_identify(src/isaac_ros_pose_estimation/isaac_ros_dope) by extension 'ignore_ament_install'
[0.412s] Level 1:colcon.colcon_core.package_identification:_identify(src/isaac_ros_pose_estimation/isaac_ros_dope) by extensions ['colcon_pkg']
[0.412s] Level 1:colcon.colcon_core.package_identification:_identify(src/isaac_ros_pose_estimation/isaac_ros_dope) by extension 'colcon_pkg'
[0.412s] Level 1:colcon.colcon_core.package_identification:_identify(src/isaac_ros_pose_estimation/isaac_ros_dope) by extensions ['colcon_meta']
[0.412s] Level 1:colcon.colcon_core.package_identification:_identify(src/isaac_ros_pose_estimation/isaac_ros_dope) by extension 'colcon_meta'
[0.412s] Level 1:colcon.colcon_core.package_identification:_identify(src/isaac_ros_pose_estimation/isaac_ros_dope) by extensions ['ros']
[0.412s] Level 1:colcon.colcon_core.package_identification:_identify(src/isaac_ros_pose_estimation/isaac_ros_dope) by extension 'ros'
[0.413s] DEBUG:colcon.colcon_core.package_identification:Package 'src/isaac_ros_pose_estimation/isaac_ros_dope' with type 'ros.ament_cmake' and name 'isaac_ros_dope'
[0.414s] Level 1:colcon.colcon_core.package_identification:_identify(src/isaac_ros_pose_estimation/isaac_ros_foundationpose) by extensions ['ignore', 'ignore_ament_install']
[0.414s] Level 1:colcon.colcon_core.package_identification:_identify(src/isaac_ros_pose_estimation/isaac_ros_foundationpose) by extension 'ignore'
[0.414s] Level 1:colcon.colcon_core.package_identification:_identify(src/isaac_ros_pose_estimation/isaac_ros_foundationpose) by extension 'ignore_ament_install'
[0.414s] Level 1:colcon.colcon_core.package_identification:_identify(src/isaac_ros_pose_estimation/isaac_ros_foundationpose) by extensions ['colcon_pkg']
[0.414s] Level 1:colcon.colcon_core.package_identification:_identify(src/isaac_ros_pose_estimation/isaac_ros_foundationpose) by extension 'colcon_pkg'
[0.414s] Level 1:colcon.colcon_core.package_identification:_identify(src/isaac_ros_pose_estimation/isaac_ros_foundationpose) by extensions ['colcon_meta']
[0.414s] Level 1:colcon.colcon_core.package_identification:_identify(src/isaac_ros_pose_estimation/isaac_ros_foundationpose) by extension 'colcon_meta'
[0.414s] Level 1:colcon.colcon_core.package_identification:_identify(src/isaac_ros_pose_estimation/isaac_ros_foundationpose) by extensions ['ros']
[0.414s] Level 1:colcon.colcon_core.package_identification:_identify(src/isaac_ros_pose_estimation/isaac_ros_foundationpose) by extension 'ros'
[0.416s] DEBUG:colcon.colcon_core.package_identification:Package 'src/isaac_ros_pose_estimation/isaac_ros_foundationpose' with type 'ros.ament_cmake' and name 'isaac_ros_foundationpose'
[0.416s] Level 1:colcon.colcon_core.package_identification:_identify(src/isaac_ros_pose_estimation/isaac_ros_foundationpose_models_install) by extensions ['ignore', 'ignore_ament_install']
[0.416s] Level 1:colcon.colcon_core.package_identification:_identify(src/isaac_ros_pose_estimation/isaac_ros_foundationpose_models_install) by extension 'ignore'
[0.416s] Level 1:colcon.colcon_core.package_identification:_identify(src/isaac_ros_pose_estimation/isaac_ros_foundationpose_models_install) by extension 'ignore_ament_install'
[0.416s] Level 1:colcon.colcon_core.package_identification:_identify(src/isaac_ros_pose_estimation/isaac_ros_foundationpose_models_install) by extensions ['colcon_pkg']
[0.416s] Level 1:colcon.colcon_core.package_identification:_identify(src/isaac_ros_pose_estimation/isaac_ros_foundationpose_models_install) by extension 'colcon_pkg'
[0.416s] Level 1:colcon.colcon_core.package_identification:_identify(src/isaac_ros_pose_estimation/isaac_ros_foundationpose_models_install) by extensions ['colcon_meta']
[0.416s] Level 1:colcon.colcon_core.package_identification:_identify(src/isaac_ros_pose_estimation/isaac_ros_foundationpose_models_install) by extension 'colcon_meta'
[0.416s] Level 1:colcon.colcon_core.package_identification:_identify(src/isaac_ros_pose_estimation/isaac_ros_foundationpose_models_install) by extensions ['ros']
[0.416s] Level 1:colcon.colcon_core.package_identification:_identify(src/isaac_ros_pose_estimation/isaac_ros_foundationpose_models_install) by extension 'ros'
[0.417s] DEBUG:colcon.colcon_core.package_identification:Package 'src/isaac_ros_pose_estimation/isaac_ros_foundationpose_models_install' with type 'ros.ament_cmake' and name 'isaac_ros_foundationpose_models_install'
[0.417s] Level 1:colcon.colcon_core.package_identification:_identify(src/isaac_ros_pose_estimation/isaac_ros_gxf_extensions) by extensions ['ignore', 'ignore_ament_install']
[0.417s] Level 1:colcon.colcon_core.package_identification:_identify(src/isaac_ros_pose_estimation/isaac_ros_gxf_extensions) by extension 'ignore'
[0.417s] Level 1:colcon.colcon_core.package_identification:_identify(src/isaac_ros_pose_estimation/isaac_ros_gxf_extensions) by extension 'ignore_ament_install'
[0.417s] Level 1:colcon.colcon_core.package_identification:_identify(src/isaac_ros_pose_estimation/isaac_ros_gxf_extensions) by extensions ['colcon_pkg']
[0.417s] Level 1:colcon.colcon_core.package_identification:_identify(src/isaac_ros_pose_estimation/isaac_ros_gxf_extensions) by extension 'colcon_pkg'
[0.417s] Level 1:colcon.colcon_core.package_identification:_identify(src/isaac_ros_pose_estimation/isaac_ros_gxf_extensions) by extensions ['colcon_meta']
[0.417s] Level 1:colcon.colcon_core.package_identification:_identify(src/isaac_ros_pose_estimation/isaac_ros_gxf_extensions) by extension 'colcon_meta'
[0.417s] Level 1:colcon.colcon_core.package_identification:_identify(src/isaac_ros_pose_estimation/isaac_ros_gxf_extensions) by extensions ['ros']
[0.417s] Level 1:colcon.colcon_core.package_identification:_identify(src/isaac_ros_pose_estimation/isaac_ros_gxf_extensions) by extension 'ros'
[0.417s] Level 1:colcon.colcon_core.package_identification:_identify(src/isaac_ros_pose_estimation/isaac_ros_gxf_extensions) by extensions ['cmake', 'python']
[0.417s] Level 1:colcon.colcon_core.package_identification:_identify(src/isaac_ros_pose_estimation/isaac_ros_gxf_extensions) by extension 'cmake'
[0.417s] Level 1:colcon.colcon_core.package_identification:_identify(src/isaac_ros_pose_estimation/isaac_ros_gxf_extensions) by extension 'python'
[0.417s] Level 1:colcon.colcon_core.package_identification:_identify(src/isaac_ros_pose_estimation/isaac_ros_gxf_extensions) by extensions ['python_setup_py']
[0.417s] Level 1:colcon.colcon_core.package_identification:_identify(src/isaac_ros_pose_estimation/isaac_ros_gxf_extensions) by extension 'python_setup_py'
[0.417s] Level 1:colcon.colcon_core.package_identification:_identify(src/isaac_ros_pose_estimation/isaac_ros_gxf_extensions/gxf_isaac_centerpose) by extensions ['ignore', 'ignore_ament_install']
[0.417s] Level 1:colcon.colcon_core.package_identification:_identify(src/isaac_ros_pose_estimation/isaac_ros_gxf_extensions/gxf_isaac_centerpose) by extension 'ignore'
[0.417s] Level 1:colcon.colcon_core.package_identification:_identify(src/isaac_ros_pose_estimation/isaac_ros_gxf_extensions/gxf_isaac_centerpose) by extension 'ignore_ament_install'
[0.418s] Level 1:colcon.colcon_core.package_identification:_identify(src/isaac_ros_pose_estimation/isaac_ros_gxf_extensions/gxf_isaac_centerpose) by extensions ['colcon_pkg']
[0.418s] Level 1:colcon.colcon_core.package_identification:_identify(src/isaac_ros_pose_estimation/isaac_ros_gxf_extensions/gxf_isaac_centerpose) by extension 'colcon_pkg'
[0.418s] Level 1:colcon.colcon_core.package_identification:_identify(src/isaac_ros_pose_estimation/isaac_ros_gxf_extensions/gxf_isaac_centerpose) by extensions ['colcon_meta']
[0.418s] Level 1:colcon.colcon_core.package_identification:_identify(src/isaac_ros_pose_estimation/isaac_ros_gxf_extensions/gxf_isaac_centerpose) by extension 'colcon_meta'
[0.418s] Level 1:colcon.colcon_core.package_identification:_identify(src/isaac_ros_pose_estimation/isaac_ros_gxf_extensions/gxf_isaac_centerpose) by extensions ['ros']
[0.418s] Level 1:colcon.colcon_core.package_identification:_identify(src/isaac_ros_pose_estimation/isaac_ros_gxf_extensions/gxf_isaac_centerpose) by extension 'ros'
[0.418s] DEBUG:colcon.colcon_core.package_identification:Package 'src/isaac_ros_pose_estimation/isaac_ros_gxf_extensions/gxf_isaac_centerpose' with type 'ros.ament_cmake' and name 'gxf_isaac_centerpose'
[0.419s] Level 1:colcon.colcon_core.package_identification:_identify(src/isaac_ros_pose_estimation/isaac_ros_gxf_extensions/gxf_isaac_dope) by extensions ['ignore', 'ignore_ament_install']
[0.419s] Level 1:colcon.colcon_core.package_identification:_identify(src/isaac_ros_pose_estimation/isaac_ros_gxf_extensions/gxf_isaac_dope) by extension 'ignore'
[0.419s] Level 1:colcon.colcon_core.package_identification:_identify(src/isaac_ros_pose_estimation/isaac_ros_gxf_extensions/gxf_isaac_dope) by extension 'ignore_ament_install'
[0.419s] Level 1:colcon.colcon_core.package_identification:_identify(src/isaac_ros_pose_estimation/isaac_ros_gxf_extensions/gxf_isaac_dope) by extensions ['colcon_pkg']
[0.419s] Level 1:colcon.colcon_core.package_identification:_identify(src/isaac_ros_pose_estimation/isaac_ros_gxf_extensions/gxf_isaac_dope) by extension 'colcon_pkg'
[0.419s] Level 1:colcon.colcon_core.package_identification:_identify(src/isaac_ros_pose_estimation/isaac_ros_gxf_extensions/gxf_isaac_dope) by extensions ['colcon_meta']
[0.419s] Level 1:colcon.colcon_core.package_identification:_identify(src/isaac_ros_pose_estimation/isaac_ros_gxf_extensions/gxf_isaac_dope) by extension 'colcon_meta'
[0.419s] Level 1:colcon.colcon_core.package_identification:_identify(src/isaac_ros_pose_estimation/isaac_ros_gxf_extensions/gxf_isaac_dope) by extensions ['ros']
[0.419s] Level 1:colcon.colcon_core.package_identification:_identify(src/isaac_ros_pose_estimation/isaac_ros_gxf_extensions/gxf_isaac_dope) by extension 'ros'
[0.419s] DEBUG:colcon.colcon_core.package_identification:Package 'src/isaac_ros_pose_estimation/isaac_ros_gxf_extensions/gxf_isaac_dope' with type 'ros.ament_cmake' and name 'gxf_isaac_dope'
[0.420s] Level 1:colcon.colcon_core.package_identification:_identify(src/isaac_ros_pose_estimation/isaac_ros_gxf_extensions/gxf_isaac_foundationpose) by extensions ['ignore', 'ignore_ament_install']
[0.420s] Level 1:colcon.colcon_core.package_identification:_identify(src/isaac_ros_pose_estimation/isaac_ros_gxf_extensions/gxf_isaac_foundationpose) by extension 'ignore'
[0.420s] Level 1:colcon.colcon_core.package_identification:_identify(src/isaac_ros_pose_estimation/isaac_ros_gxf_extensions/gxf_isaac_foundationpose) by extension 'ignore_ament_install'
[0.420s] Level 1:colcon.colcon_core.package_identification:_identify(src/isaac_ros_pose_estimation/isaac_ros_gxf_extensions/gxf_isaac_foundationpose) by extensions ['colcon_pkg']
[0.420s] Level 1:colcon.colcon_core.package_identification:_identify(src/isaac_ros_pose_estimation/isaac_ros_gxf_extensions/gxf_isaac_foundationpose) by extension 'colcon_pkg'
[0.420s] Level 1:colcon.colcon_core.package_identification:_identify(src/isaac_ros_pose_estimation/isaac_ros_gxf_extensions/gxf_isaac_foundationpose) by extensions ['colcon_meta']
[0.420s] Level 1:colcon.colcon_core.package_identification:_identify(src/isaac_ros_pose_estimation/isaac_ros_gxf_extensions/gxf_isaac_foundationpose) by extension 'colcon_meta'
[0.420s] Level 1:colcon.colcon_core.package_identification:_identify(src/isaac_ros_pose_estimation/isaac_ros_gxf_extensions/gxf_isaac_foundationpose) by extensions ['ros']
[0.420s] Level 1:colcon.colcon_core.package_identification:_identify(src/isaac_ros_pose_estimation/isaac_ros_gxf_extensions/gxf_isaac_foundationpose) by extension 'ros'
[0.420s] DEBUG:colcon.colcon_core.package_identification:Package 'src/isaac_ros_pose_estimation/isaac_ros_gxf_extensions/gxf_isaac_foundationpose' with type 'ros.ament_cmake' and name 'gxf_isaac_foundationpose'
[0.421s] Level 1:colcon.colcon_core.package_identification:_identify(src/isaac_ros_pose_estimation/isaac_ros_pose_proc) by extensions ['ignore', 'ignore_ament_install']
[0.421s] Level 1:colcon.colcon_core.package_identification:_identify(src/isaac_ros_pose_estimation/isaac_ros_pose_proc) by extension 'ignore'
[0.421s] Level 1:colcon.colcon_core.package_identification:_identify(src/isaac_ros_pose_estimation/isaac_ros_pose_proc) by extension 'ignore_ament_install'
[0.421s] Level 1:colcon.colcon_core.package_identification:_identify(src/isaac_ros_pose_estimation/isaac_ros_pose_proc) by extensions ['colcon_pkg']
[0.421s] Level 1:colcon.colcon_core.package_identification:_identify(src/isaac_ros_pose_estimation/isaac_ros_pose_proc) by extension 'colcon_pkg'
[0.421s] Level 1:colcon.colcon_core.package_identification:_identify(src/isaac_ros_pose_estimation/isaac_ros_pose_proc) by extensions ['colcon_meta']
[0.421s] Level 1:colcon.colcon_core.package_identification:_identify(src/isaac_ros_pose_estimation/isaac_ros_pose_proc) by extension 'colcon_meta'
[0.421s] Level 1:colcon.colcon_core.package_identification:_identify(src/isaac_ros_pose_estimation/isaac_ros_pose_proc) by extensions ['ros']
[0.421s] Level 1:colcon.colcon_core.package_identification:_identify(src/isaac_ros_pose_estimation/isaac_ros_pose_proc) by extension 'ros'
[0.422s] DEBUG:colcon.colcon_core.package_identification:Package 'src/isaac_ros_pose_estimation/isaac_ros_pose_proc' with type 'ros.ament_cmake' and name 'isaac_ros_pose_proc'
[0.422s] Level 1:colcon.colcon_core.package_identification:_identify(src/isaac_ros_pose_estimation/test) by extensions ['ignore', 'ignore_ament_install']
[0.422s] Level 1:colcon.colcon_core.package_identification:_identify(src/isaac_ros_pose_estimation/test) by extension 'ignore'
[0.422s] Level 1:colcon.colcon_core.package_identification:_identify(src/isaac_ros_pose_estimation/test) by extension 'ignore_ament_install'
[0.422s] Level 1:colcon.colcon_core.package_identification:_identify(src/isaac_ros_pose_estimation/test) by extensions ['colcon_pkg']
[0.422s] Level 1:colcon.colcon_core.package_identification:_identify(src/isaac_ros_pose_estimation/test) by extension 'colcon_pkg'
[0.422s] Level 1:colcon.colcon_core.package_identification:_identify(src/isaac_ros_pose_estimation/test) by extensions ['colcon_meta']
[0.422s] Level 1:colcon.colcon_core.package_identification:_identify(src/isaac_ros_pose_estimation/test) by extension 'colcon_meta'
[0.422s] Level 1:colcon.colcon_core.package_identification:_identify(src/isaac_ros_pose_estimation/test) by extensions ['ros']
[0.422s] Level 1:colcon.colcon_core.package_identification:_identify(src/isaac_ros_pose_estimation/test) by extension 'ros'
[0.422s] Level 1:colcon.colcon_core.package_identification:_identify(src/isaac_ros_pose_estimation/test) by extensions ['cmake', 'python']
[0.422s] Level 1:colcon.colcon_core.package_identification:_identify(src/isaac_ros_pose_estimation/test) by extension 'cmake'
[0.422s] Level 1:colcon.colcon_core.package_identification:_identify(src/isaac_ros_pose_estimation/test) by extension 'python'
[0.422s] Level 1:colcon.colcon_core.package_identification:_identify(src/isaac_ros_pose_estimation/test) by extensions ['python_setup_py']
[0.422s] Level 1:colcon.colcon_core.package_identification:_identify(src/isaac_ros_pose_estimation/test) by extension 'python_setup_py'
[0.422s] Level 1:colcon.colcon_core.package_identification:_identify(src/isaac_ros_pose_estimation/test/models) by extensions ['ignore', 'ignore_ament_install']
[0.422s] Level 1:colcon.colcon_core.package_identification:_identify(src/isaac_ros_pose_estimation/test/models) by extension 'ignore'
[0.423s] Level 1:colcon.colcon_core.package_identification:_identify(src/isaac_ros_pose_estimation/test/models) by extension 'ignore_ament_install'
[0.423s] Level 1:colcon.colcon_core.package_identification:_identify(src/isaac_ros_pose_estimation/test/models) by extensions ['colcon_pkg']
[0.423s] Level 1:colcon.colcon_core.package_identification:_identify(src/isaac_ros_pose_estimation/test/models) by extension 'colcon_pkg'
[0.423s] Level 1:colcon.colcon_core.package_identification:_identify(src/isaac_ros_pose_estimation/test/models) by extensions ['colcon_meta']
[0.423s] Level 1:colcon.colcon_core.package_identification:_identify(src/isaac_ros_pose_estimation/test/models) by extension 'colcon_meta'
[0.423s] Level 1:colcon.colcon_core.package_identification:_identify(src/isaac_ros_pose_estimation/test/models) by extensions ['ros']
[0.423s] Level 1:colcon.colcon_core.package_identification:_identify(src/isaac_ros_pose_estimation/test/models) by extension 'ros'
[0.423s] Level 1:colcon.colcon_core.package_identification:_identify(src/isaac_ros_pose_estimation/test/models) by extensions ['cmake', 'python']
[0.423s] Level 1:colcon.colcon_core.package_identification:_identify(src/isaac_ros_pose_estimation/test/models) by extension 'cmake'
[0.423s] Level 1:colcon.colcon_core.package_identification:_identify(src/isaac_ros_pose_estimation/test/models) by extension 'python'
[0.423s] Level 1:colcon.colcon_core.package_identification:_identify(src/isaac_ros_pose_estimation/test/models) by extensions ['python_setup_py']
[0.423s] Level 1:colcon.colcon_core.package_identification:_identify(src/isaac_ros_pose_estimation/test/models) by extension 'python_setup_py'
[0.423s] Level 1:colcon.colcon_core.package_identification:_identify(src/isaac_ros_pose_estimation/test/models/dope_ketchup_pol) by extensions ['ignore', 'ignore_ament_install']
[0.423s] Level 1:colcon.colcon_core.package_identification:_identify(src/isaac_ros_pose_estimation/test/models/dope_ketchup_pol) by extension 'ignore'
[0.423s] Level 1:colcon.colcon_core.package_identification:_identify(src/isaac_ros_pose_estimation/test/models/dope_ketchup_pol) by extension 'ignore_ament_install'
[0.423s] Level 1:colcon.colcon_core.package_identification:_identify(src/isaac_ros_pose_estimation/test/models/dope_ketchup_pol) by extensions ['colcon_pkg']
[0.423s] Level 1:colcon.colcon_core.package_identification:_identify(src/isaac_ros_pose_estimation/test/models/dope_ketchup_pol) by extension 'colcon_pkg'
[0.423s] Level 1:colcon.colcon_core.package_identification:_identify(src/isaac_ros_pose_estimation/test/models/dope_ketchup_pol) by extensions ['colcon_meta']
[0.423s] Level 1:colcon.colcon_core.package_identification:_identify(src/isaac_ros_pose_estimation/test/models/dope_ketchup_pol) by extension 'colcon_meta'
[0.423s] Level 1:colcon.colcon_core.package_identification:_identify(src/isaac_ros_pose_estimation/test/models/dope_ketchup_pol) by extensions ['ros']
[0.423s] Level 1:colcon.colcon_core.package_identification:_identify(src/isaac_ros_pose_estimation/test/models/dope_ketchup_pol) by extension 'ros'
[0.423s] Level 1:colcon.colcon_core.package_identification:_identify(src/isaac_ros_pose_estimation/test/models/dope_ketchup_pol) by extensions ['cmake', 'python']
[0.423s] Level 1:colcon.colcon_core.package_identification:_identify(src/isaac_ros_pose_estimation/test/models/dope_ketchup_pol) by extension 'cmake'
[0.424s] Level 1:colcon.colcon_core.package_identification:_identify(src/isaac_ros_pose_estimation/test/models/dope_ketchup_pol) by extension 'python'
[0.424s] Level 1:colcon.colcon_core.package_identification:_identify(src/isaac_ros_pose_estimation/test/models/dope_ketchup_pol) by extensions ['python_setup_py']
[0.424s] Level 1:colcon.colcon_core.package_identification:_identify(src/isaac_ros_pose_estimation/test/models/dope_ketchup_pol) by extension 'python_setup_py'
[0.424s] Level 1:colcon.colcon_core.package_identification:_identify(src/isaac_ros_pose_estimation/test/models/dope_ketchup_pol/1) by extensions ['ignore', 'ignore_ament_install']
[0.424s] Level 1:colcon.colcon_core.package_identification:_identify(src/isaac_ros_pose_estimation/test/models/dope_ketchup_pol/1) by extension 'ignore'
[0.424s] Level 1:colcon.colcon_core.package_identification:_identify(src/isaac_ros_pose_estimation/test/models/dope_ketchup_pol/1) by extension 'ignore_ament_install'
[0.424s] Level 1:colcon.colcon_core.package_identification:_identify(src/isaac_ros_pose_estimation/test/models/dope_ketchup_pol/1) by extensions ['colcon_pkg']
[0.424s] Level 1:colcon.colcon_core.package_identification:_identify(src/isaac_ros_pose_estimation/test/models/dope_ketchup_pol/1) by extension 'colcon_pkg'
[0.424s] Level 1:colcon.colcon_core.package_identification:_identify(src/isaac_ros_pose_estimation/test/models/dope_ketchup_pol/1) by extensions ['colcon_meta']
[0.424s] Level 1:colcon.colcon_core.package_identification:_identify(src/isaac_ros_pose_estimation/test/models/dope_ketchup_pol/1) by extension 'colcon_meta'
[0.424s] Level 1:colcon.colcon_core.package_identification:_identify(src/isaac_ros_pose_estimation/test/models/dope_ketchup_pol/1) by extensions ['ros']
[0.424s] Level 1:colcon.colcon_core.package_identification:_identify(src/isaac_ros_pose_estimation/test/models/dope_ketchup_pol/1) by extension 'ros'
[0.424s] Level 1:colcon.colcon_core.package_identification:_identify(src/isaac_ros_pose_estimation/test/models/dope_ketchup_pol/1) by extensions ['cmake', 'python']
[0.424s] Level 1:colcon.colcon_core.package_identification:_identify(src/isaac_ros_pose_estimation/test/models/dope_ketchup_pol/1) by extension 'cmake'
[0.424s] Level 1:colcon.colcon_core.package_identification:_identify(src/isaac_ros_pose_estimation/test/models/dope_ketchup_pol/1) by extension 'python'
[0.424s] Level 1:colcon.colcon_core.package_identification:_identify(src/isaac_ros_pose_estimation/test/models/dope_ketchup_pol/1) by extensions ['python_setup_py']
[0.424s] Level 1:colcon.colcon_core.package_identification:_identify(src/isaac_ros_pose_estimation/test/models/dope_ketchup_pol/1) by extension 'python_setup_py'
[0.424s] Level 1:colcon.colcon_core.package_discovery:discover_packages(recursive) using defaults
[0.424s] Level 1:colcon.colcon_core.package_discovery:discover_packages(ignore) discover
[0.424s] Level 1:colcon.colcon_core.package_discovery:discover_packages(ignore) using defaults
[0.424s] Level 1:colcon.colcon_core.package_discovery:discover_packages(path) discover
[0.424s] Level 1:colcon.colcon_core.package_discovery:discover_packages(path) using defaults
[0.464s] INFO:colcon.colcon_core.package_selection:Skipping package 'isaac_ros_foundationpose' in 'src/isaac_ros_pose_estimation/isaac_ros_foundationpose'
[0.464s] INFO:colcon.colcon_core.package_selection:Skipping package 'isaac_ros_centerpose' in 'src/isaac_ros_pose_estimation/isaac_ros_centerpose'
[0.464s] INFO:colcon.colcon_core.package_selection:Skipping package 'isaac_ros_pose_proc' in 'src/isaac_ros_pose_estimation/isaac_ros_pose_proc'
[0.464s] INFO:colcon.colcon_core.package_selection:Skipping package 'isaac_ros_foundationpose_models_install' in 'src/isaac_ros_pose_estimation/isaac_ros_foundationpose_models_install'
[0.464s] INFO:colcon.colcon_core.package_selection:Skipping package 'gxf_isaac_foundationpose' in 'src/isaac_ros_pose_estimation/isaac_ros_gxf_extensions/gxf_isaac_foundationpose'
[0.464s] INFO:colcon.colcon_core.package_selection:Skipping package 'gxf_isaac_centerpose' in 'src/isaac_ros_pose_estimation/isaac_ros_gxf_extensions/gxf_isaac_centerpose'
[0.465s] Level 1:colcon.colcon_core.package_discovery:discover_packages(prefix_path) check parameters
[0.465s] Level 1:colcon.colcon_core.package_discovery:discover_packages(prefix_path) discover
[0.470s] DEBUG:colcon.colcon_installed_package_information.package_discovery:Found 313 installed packages in /opt/ros/humble
[0.471s] Level 1:colcon.colcon_core.package_discovery:discover_packages(prefix_path) using defaults
[0.512s] Level 5:colcon.colcon_core.verb:set package 'gxf_isaac_dope' build argument 'cmake_args' from command line to 'None'
[0.512s] Level 5:colcon.colcon_core.verb:set package 'gxf_isaac_dope' build argument 'cmake_target' from command line to 'None'
[0.512s] Level 5:colcon.colcon_core.verb:set package 'gxf_isaac_dope' build argument 'cmake_target_skip_unavailable' from command line to 'False'
[0.512s] Level 5:colcon.colcon_core.verb:set package 'gxf_isaac_dope' build argument 'cmake_clean_cache' from command line to 'False'
[0.512s] Level 5:colcon.colcon_core.verb:set package 'gxf_isaac_dope' build argument 'cmake_clean_first' from command line to 'False'
[0.512s] Level 5:colcon.colcon_core.verb:set package 'gxf_isaac_dope' build argument 'cmake_force_configure' from command line to 'False'
[0.512s] Level 5:colcon.colcon_core.verb:set package 'gxf_isaac_dope' build argument 'ament_cmake_args' from command line to 'None'
[0.512s] Level 5:colcon.colcon_core.verb:set package 'gxf_isaac_dope' build argument 'catkin_cmake_args' from command line to 'None'
[0.512s] Level 5:colcon.colcon_core.verb:set package 'gxf_isaac_dope' build argument 'catkin_skip_building_tests' from command line to 'False'
[0.512s] DEBUG:colcon.colcon_core.verb:Building package 'gxf_isaac_dope' with the following arguments: {'ament_cmake_args': None, 'build_base': '/home/affan/Documents/FY_Project/build/gxf_isaac_dope', 'catkin_cmake_args': None, 'catkin_skip_building_tests': False, 'cmake_args': None, 'cmake_clean_cache': False, 'cmake_clean_first': False, 'cmake_force_configure': False, 'cmake_target': None, 'cmake_target_skip_unavailable': False, 'install_base': '/home/affan/Documents/FY_Project/install/gxf_isaac_dope', 'merge_install': False, 'path': '/home/affan/Documents/FY_Project/src/isaac_ros_pose_estimation/isaac_ros_gxf_extensions/gxf_isaac_dope', 'symlink_install': True, 'test_result_base': None}
[0.512s] Level 5:colcon.colcon_core.verb:set package 'isaac_ros_dope' build argument 'cmake_args' from command line to 'None'
[0.512s] Level 5:colcon.colcon_core.verb:set package 'isaac_ros_dope' build argument 'cmake_target' from command line to 'None'
[0.513s] Level 5:colcon.colcon_core.verb:set package 'isaac_ros_dope' build argument 'cmake_target_skip_unavailable' from command line to 'False'
[0.513s] Level 5:colcon.colcon_core.verb:set package 'isaac_ros_dope' build argument 'cmake_clean_cache' from command line to 'False'
[0.513s] Level 5:colcon.colcon_core.verb:set package 'isaac_ros_dope' build argument 'cmake_clean_first' from command line to 'False'
[0.513s] Level 5:colcon.colcon_core.verb:set package 'isaac_ros_dope' build argument 'cmake_force_configure' from command line to 'False'
[0.513s] Level 5:colcon.colcon_core.verb:set package 'isaac_ros_dope' build argument 'ament_cmake_args' from command line to 'None'
[0.513s] Level 5:colcon.colcon_core.verb:set package 'isaac_ros_dope' build argument 'catkin_cmake_args' from command line to 'None'
[0.513s] Level 5:colcon.colcon_core.verb:set package 'isaac_ros_dope' build argument 'catkin_skip_building_tests' from command line to 'False'
[0.513s] DEBUG:colcon.colcon_core.verb:Building package 'isaac_ros_dope' with the following arguments: {'ament_cmake_args': None, 'build_base': '/home/affan/Documents/FY_Project/build/isaac_ros_dope', 'catkin_cmake_args': None, 'catkin_skip_building_tests': False, 'cmake_args': None, 'cmake_clean_cache': False, 'cmake_clean_first': False, 'cmake_force_configure': False, 'cmake_target': None, 'cmake_target_skip_unavailable': False, 'install_base': '/home/affan/Documents/FY_Project/install/isaac_ros_dope', 'merge_install': False, 'path': '/home/affan/Documents/FY_Project/src/isaac_ros_pose_estimation/isaac_ros_dope', 'symlink_install': True, 'test_result_base': None}
[0.513s] INFO:colcon.colcon_core.executor:Executing jobs using 'parallel' executor
[0.514s] DEBUG:colcon.colcon_parallel_executor.executor.parallel:run_until_complete
[0.514s] INFO:colcon.colcon_ros.task.ament_cmake.build:Building ROS package in '/home/affan/Documents/FY_Project/src/isaac_ros_pose_estimation/isaac_ros_gxf_extensions/gxf_isaac_dope' with build type 'ament_cmake'
[0.514s] INFO:colcon.colcon_cmake.task.cmake.build:Building CMake package in '/home/affan/Documents/FY_Project/src/isaac_ros_pose_estimation/isaac_ros_gxf_extensions/gxf_isaac_dope'
[0.521s] INFO:colcon.colcon_core.plugin_system:Skipping extension 'colcon_core.shell.bat': Not used on non-Windows systems
[0.521s] INFO:colcon.colcon_core.shell:Skip shell extension 'powershell' for command environment: Not usable outside of PowerShell
[0.521s] DEBUG:colcon.colcon_core.shell:Skip shell extension 'dsv' for command environment
[0.533s] DEBUG:colcon.colcon_core.event_handler.log_command:Invoking command in '/home/affan/Documents/FY_Project/build/gxf_isaac_dope': CMAKE_PREFIX_PATH=/opt/ros/humble /usr/bin/cmake /home/affan/Documents/FY_Project/src/isaac_ros_pose_estimation/isaac_ros_gxf_extensions/gxf_isaac_dope -DAMENT_CMAKE_SYMLINK_INSTALL=1 -DCMAKE_INSTALL_PREFIX=/home/affan/Documents/FY_Project/install/gxf_isaac_dope
[0.946s] DEBUG:colcon.colcon_core.event_handler.log_command:Invoked command in '/home/affan/Documents/FY_Project/build/gxf_isaac_dope' returned '1': CMAKE_PREFIX_PATH=/opt/ros/humble /usr/bin/cmake /home/affan/Documents/FY_Project/src/isaac_ros_pose_estimation/isaac_ros_gxf_extensions/gxf_isaac_dope -DAMENT_CMAKE_SYMLINK_INSTALL=1 -DCMAKE_INSTALL_PREFIX=/home/affan/Documents/FY_Project/install/gxf_isaac_dope
[0.961s] Level 1:colcon.colcon_core.environment:create_environment_scripts_only(gxf_isaac_dope)
[0.966s] Level 1:colcon.colcon_core.environment:checking '/home/affan/Documents/FY_Project/install/gxf_isaac_dope' for CMake module files
[0.966s] Level 1:colcon.colcon_core.environment:checking '/home/affan/Documents/FY_Project/install/gxf_isaac_dope' for CMake config files
[0.967s] Level 1:colcon.colcon_core.environment:checking '/home/affan/Documents/FY_Project/install/gxf_isaac_dope/bin'
[0.967s] Level 1:colcon.colcon_core.environment:checking '/home/affan/Documents/FY_Project/install/gxf_isaac_dope/lib/pkgconfig/gxf_isaac_dope.pc'
[0.968s] Level 1:colcon.colcon_core.environment:checking '/home/affan/Documents/FY_Project/install/gxf_isaac_dope/lib/python3.10/site-packages'
[0.968s] Level 1:colcon.colcon_core.environment:checking '/home/affan/Documents/FY_Project/install/gxf_isaac_dope/bin'
[0.968s] INFO:colcon.colcon_core.shell:Creating package script '/home/affan/Documents/FY_Project/install/gxf_isaac_dope/share/gxf_isaac_dope/package.ps1'
[0.969s] INFO:colcon.colcon_core.shell:Creating package descriptor '/home/affan/Documents/FY_Project/install/gxf_isaac_dope/share/gxf_isaac_dope/package.dsv'
[0.970s] INFO:colcon.colcon_core.shell:Creating package script '/home/affan/Documents/FY_Project/install/gxf_isaac_dope/share/gxf_isaac_dope/package.sh'
[0.970s] INFO:colcon.colcon_core.shell:Creating package script '/home/affan/Documents/FY_Project/install/gxf_isaac_dope/share/gxf_isaac_dope/package.bash'
[0.971s] INFO:colcon.colcon_core.shell:Creating package script '/home/affan/Documents/FY_Project/install/gxf_isaac_dope/share/gxf_isaac_dope/package.zsh'
[0.972s] Level 1:colcon.colcon_core.environment:create_file_with_runtime_dependencies(/home/affan/Documents/FY_Project/install/gxf_isaac_dope/share/colcon-core/packages/gxf_isaac_dope)
[0.982s] DEBUG:colcon.colcon_parallel_executor.executor.parallel:closing loop
[0.982s] DEBUG:colcon.colcon_parallel_executor.executor.parallel:loop closed
[0.983s] DEBUG:colcon.colcon_parallel_executor.executor.parallel:run_until_complete finished with '1'
[0.983s] DEBUG:colcon.colcon_core.event_reactor:joining thread
[0.990s] INFO:colcon.colcon_core.plugin_system:Skipping extension 'colcon_notification.desktop_notification.terminal_notifier': Not used on non-Darwin systems
[0.990s] INFO:colcon.colcon_core.plugin_system:Skipping extension 'colcon_notification.desktop_notification.win32': Not used on non-Windows systems
[0.990s] INFO:colcon.colcon_notification.desktop_notification:Sending desktop notification using 'notify2'
[1.003s] DEBUG:colcon.colcon_core.event_reactor:joined thread
[1.004s] INFO:colcon.colcon_core.shell:Creating prefix script '/home/affan/Documents/FY_Project/install/local_setup.ps1'
[1.005s] INFO:colcon.colcon_core.shell:Creating prefix util module '/home/affan/Documents/FY_Project/install/_local_setup_util_ps1.py'
[1.006s] INFO:colcon.colcon_core.shell:Creating prefix chain script '/home/affan/Documents/FY_Project/install/setup.ps1'
[1.007s] INFO:colcon.colcon_core.shell:Creating prefix script '/home/affan/Documents/FY_Project/install/local_setup.sh'
[1.008s] INFO:colcon.colcon_core.shell:Creating prefix util module '/home/affan/Documents/FY_Project/install/_local_setup_util_sh.py'
[1.008s] INFO:colcon.colcon_core.shell:Creating prefix chain script '/home/affan/Documents/FY_Project/install/setup.sh'
[1.009s] INFO:colcon.colcon_core.shell:Creating prefix script '/home/affan/Documents/FY_Project/install/local_setup.bash'
[1.010s] INFO:colcon.colcon_core.shell:Creating prefix chain script '/home/affan/Documents/FY_Project/install/setup.bash'
[1.011s] INFO:colcon.colcon_core.shell:Creating prefix script '/home/affan/Documents/FY_Project/install/local_setup.zsh'
[1.012s] INFO:colcon.colcon_core.shell:Creating prefix chain script '/home/affan/Documents/FY_Project/install/setup.zsh'
