[0.021s] Invoking command in '/home/affan/Documents/FY_Project/build/gxf_isaac_foundationpose': CMAKE_PREFIX_PATH=/opt/ros/humble /usr/bin/cmake /home/affan/Documents/FY_Project/src/isaac_ros_pose_estimation/isaac_ros_gxf_extensions/gxf_isaac_foundationpose -DAMENT_CMAKE_SYMLINK_INSTALL=1 -DCMAKE_INSTALL_PREFIX=/home/affan/Documents/FY_Project/install/gxf_isaac_foundationpose
[0.143s] -- The C compiler identification is GNU 11.4.0
[0.241s] -- The CXX compiler identification is GNU 11.4.0
[0.253s] -- Detecting C compiler ABI info
[0.326s] -- Detecting C compiler ABI info - done
[0.331s] -- Check for working C compiler: /usr/bin/cc - skipped
[0.332s] -- Detecting C compile features
[0.333s] -- Detecting C compile features - done
[0.337s] -- Detecting CXX compiler ABI info
[0.422s] -- Detecting CXX compiler ABI info - done
[0.428s] -- Check for working CXX compiler: /usr/bin/c++ - skipped
[0.428s] -- Detecting CXX compile features
[0.429s] -- Detecting CXX compile features - done
[0.449s] [31mCMake Error at /usr/share/cmake-3.22/Modules/CMakeDetermineCUDACompiler.cmake:179 (message):
[0.449s]   Failed to find nvcc.
[0.450s] 
[0.450s]   Compiler requires the CUDA toolkit.  Please set the CUDAToolkit_ROOT
[0.450s]   variable.
[0.450s] Call Stack (most recent call first):
[0.450s]   CMakeLists.txt:25 (enable_language)
[0.450s] 
[0.450s] [0m
[0.450s] -- Configuring incomplete, errors occurred!
[0.450s] See also "/home/affan/Documents/FY_Project/build/gxf_isaac_foundationpose/CMakeFiles/CMakeOutput.log".
[0.450s] See also "/home/affan/Documents/FY_Project/build/gxf_isaac_foundationpose/CMakeFiles/CMakeError.log".
[0.454s] Invoked command in '/home/affan/Documents/FY_Project/build/gxf_isaac_foundationpose' returned '1': CMAKE_PREFIX_PATH=/opt/ros/humble /usr/bin/cmake /home/affan/Documents/FY_Project/src/isaac_ros_pose_estimation/isaac_ros_gxf_extensions/gxf_isaac_foundationpose -DAMENT_CMAKE_SYMLINK_INSTALL=1 -DCMAKE_INSTALL_PREFIX=/home/affan/Documents/FY_Project/install/gxf_isaac_foundationpose
