[0.011s] Invoking command in '/home/affan/Documents/FY_Project/build/isaac_ros_common': CMAKE_PREFIX_PATH=/opt/ros/humble /usr/bin/cmake /home/affan/Documents/FY_Project/src/isaac_ros_common/isaac_ros_common -DAMENT_CMAKE_SYMLINK_INSTALL=1 -DCMAKE_INSTALL_PREFIX=/home/affan/Documents/FY_Project/install/isaac_ros_common
[0.111s] -- The C compiler identification is GNU 11.4.0
[0.218s] -- The CXX compiler identification is GNU 11.4.0
[0.228s] -- Detecting C compiler ABI info
[0.308s] -- Detecting C compiler ABI info - done
[0.315s] -- Check for working C compiler: /usr/bin/cc - skipped
[0.315s] -- Detecting C compile features
[0.316s] -- Detecting C compile features - done
[0.320s] -- Detecting CXX compiler ABI info
[0.406s] -- Detecting CXX compiler ABI info - done
[0.413s] -- Check for working CXX compiler: /usr/bin/c++ - skipped
[0.414s] -- Detecting CXX compile features
[0.414s] -- Detecting CXX compile features - done
[1.513s] -- The CUDA compiler identification is NVIDIA 11.5.119
[1.522s] -- Detecting CUDA compiler ABI info
[2.402s] -- Detecting CUDA compiler ABI info - done
[2.425s] -- Check for working CUDA compiler: /usr/bin/nvcc - skipped
[2.425s] -- Detecting CUDA compile features
[2.426s] -- Detecting CUDA compile features - done
[2.428s] -- Found ament_cmake_auto: 1.3.12 (/opt/ros/humble/share/ament_cmake_auto/cmake)
[2.586s] -- Found Python3: /usr/bin/python3 (found version "3.10.12") found components: Interpreter 
[2.652s] -- Override CMake install command with custom implementation using symlinks instead of copying resources
[2.815s] -- Found rosidl_generator_c: 3.1.7 (/opt/ros/humble/share/rosidl_generator_c/cmake)
[2.823s] -- Found rosidl_adapter: 3.1.7 (/opt/ros/humble/share/rosidl_adapter/cmake)
[2.838s] -- Found rosidl_generator_cpp: 3.1.7 (/opt/ros/humble/share/rosidl_generator_cpp/cmake)
[2.859s] -- Using all available rosidl_typesupport_c: rosidl_typesupport_fastrtps_c;rosidl_typesupport_introspection_c
[2.884s] -- Using all available rosidl_typesupport_cpp: rosidl_typesupport_fastrtps_cpp;rosidl_typesupport_introspection_cpp
[2.959s] -- Found rmw_implementation_cmake: 6.1.2 (/opt/ros/humble/share/rmw_implementation_cmake/cmake)
[2.964s] -- Found rmw_fastrtps_cpp: 6.2.9 (/opt/ros/humble/share/rmw_fastrtps_cpp/cmake)
[3.082s] -- Found OpenSSL: /usr/lib/x86_64-linux-gnu/libcrypto.so (found version "3.0.2")  
[3.111s] -- Found FastRTPS: /opt/ros/humble/include  
[3.153s] -- Using RMW implementation 'rmw_fastrtps_cpp' as default
[3.167s] -- Looking for pthread.h
[3.248s] -- Looking for pthread.h - found
[3.248s] -- Performing Test CMAKE_HAVE_LIBC_PTHREAD
[3.328s] -- Performing Test CMAKE_HAVE_LIBC_PTHREAD - Success
[3.329s] -- Found Threads: TRUE  
[3.414s] -- Found CUDAToolkit: /usr/include (found version "11.5.119") 
[3.456s] -- Loading isaac_ros_common extras
[3.456s] -- CMAKE_BUILD_TYPE: Release
[3.480s] -- Found CUDA: /usr (found version "11.5") 
[3.493s] -- CUDA architectures: 52
[3.493s] [0mCMAKE_DEVICE: x86_64[0m
[3.503s] [31mCMake Error at CMakeLists.txt:34 (find_package):
[3.503s]   By not providing "Findvpi.cmake" in CMAKE_MODULE_PATH this project has
[3.503s]   asked CMake to find a package configuration file provided by "vpi", but
[3.503s]   CMake did not find one.
[3.503s] 
[3.503s]   Could not find a package configuration file provided by "vpi" with any of
[3.503s]   the following names:
[3.503s] 
[3.503s]     vpiConfig.cmake
[3.503s]     vpi-config.cmake
[3.503s] 
[3.503s]   Add the installation prefix of "vpi" to CMAKE_PREFIX_PATH or set "vpi_DIR"
[3.504s]   to a directory containing one of the above files.  If "vpi" provides a
[3.504s]   separate development package or SDK, be sure it has been installed.
[3.504s] 
[3.504s] [0m
[3.504s] -- Configuring incomplete, errors occurred!
[3.504s] See also "/home/affan/Documents/FY_Project/build/isaac_ros_common/CMakeFiles/CMakeOutput.log".
[3.517s] Invoked command in '/home/affan/Documents/FY_Project/build/isaac_ros_common' returned '1': CMAKE_PREFIX_PATH=/opt/ros/humble /usr/bin/cmake /home/affan/Documents/FY_Project/src/isaac_ros_common/isaac_ros_common -DAMENT_CMAKE_SYMLINK_INSTALL=1 -DCMAKE_INSTALL_PREFIX=/home/affan/Documents/FY_Project/install/isaac_ros_common
