[0.713s] Invoking command in '/home/affan/Documents/FY_Project/src/multi_view_pkg': PYTHONPATH=/home/affan/Documents/FY_Project/build/multi_view_pkg/prefix_override:/usr/lib/python3/dist-packages/colcon_core/task/python/colcon_distutils_commands:/home/affan/Documents/FY_Project/install/multi_view_pkg/lib/python3.10/site-packages:${PYTHONPATH} /usr/bin/python3 -W ignore:setup.py install is deprecated -W ignore:easy_install command is deprecated setup.py egg_info --egg-base ../../build/multi_view_pkg build --build-base /home/affan/Documents/FY_Project/build/multi_view_pkg/build install --record /home/affan/Documents/FY_Project/build/multi_view_pkg/install.log --single-version-externally-managed install_data
[1.001s] running egg_info
[1.002s] writing ../../build/multi_view_pkg/multi_view_pkg.egg-info/PKG-INFO
[1.002s] writing dependency_links to ../../build/multi_view_pkg/multi_view_pkg.egg-info/dependency_links.txt
[1.002s] writing entry points to ../../build/multi_view_pkg/multi_view_pkg.egg-info/entry_points.txt
[1.002s] writing requirements to ../../build/multi_view_pkg/multi_view_pkg.egg-info/requires.txt
[1.003s] writing top-level names to ../../build/multi_view_pkg/multi_view_pkg.egg-info/top_level.txt
[1.005s] reading manifest file '../../build/multi_view_pkg/multi_view_pkg.egg-info/SOURCES.txt'
[1.006s] writing manifest file '../../build/multi_view_pkg/multi_view_pkg.egg-info/SOURCES.txt'
[1.007s] running build
[1.007s] running build_py
[1.007s] copying multi_view_pkg/coordinator_node.py -> /home/affan/Documents/FY_Project/build/multi_view_pkg/build/lib/multi_view_pkg
[1.007s] running install
[1.008s] running install_lib
[1.009s] copying /home/affan/Documents/FY_Project/build/multi_view_pkg/build/lib/multi_view_pkg/coordinator_node.py -> /home/affan/Documents/FY_Project/install/multi_view_pkg/lib/python3.10/site-packages/multi_view_pkg
[1.011s] byte-compiling /home/affan/Documents/FY_Project/install/multi_view_pkg/lib/python3.10/site-packages/multi_view_pkg/coordinator_node.py to coordinator_node.cpython-310.pyc
[1.012s] running install_data
[1.012s] running install_egg_info
[1.015s] removing '/home/affan/Documents/FY_Project/install/multi_view_pkg/lib/python3.10/site-packages/multi_view_pkg-0.0.0-py3.10.egg-info' (and everything under it)
[1.015s] Copying ../../build/multi_view_pkg/multi_view_pkg.egg-info to /home/affan/Documents/FY_Project/install/multi_view_pkg/lib/python3.10/site-packages/multi_view_pkg-0.0.0-py3.10.egg-info
[1.017s] running install_scripts
[1.047s] Installing mover script to /home/affan/Documents/FY_Project/install/multi_view_pkg/lib/multi_view_pkg
[1.048s] writing list of installed files to '/home/affan/Documents/FY_Project/build/multi_view_pkg/install.log'
[1.090s] Invoked command in '/home/affan/Documents/FY_Project/src/multi_view_pkg' returned '0': PYTHONPATH=/home/affan/Documents/FY_Project/build/multi_view_pkg/prefix_override:/usr/lib/python3/dist-packages/colcon_core/task/python/colcon_distutils_commands:/home/affan/Documents/FY_Project/install/multi_view_pkg/lib/python3.10/site-packages:${PYTHONPATH} /usr/bin/python3 -W ignore:setup.py install is deprecated -W ignore:easy_install command is deprecated setup.py egg_info --egg-base ../../build/multi_view_pkg build --build-base /home/affan/Documents/FY_Project/build/multi_view_pkg/build install --record /home/affan/Documents/FY_Project/build/multi_view_pkg/install.log --single-version-externally-managed install_data
