[0.642s] Invoking command in '/home/affan/Documents/FY_Project/src/multi_view_pkg': PYTHONPATH=/home/affan/Documents/FY_Project/build/multi_view_pkg/prefix_override:/usr/lib/python3/dist-packages/colcon_core/task/python/colcon_distutils_commands:/home/affan/Documents/FY_Project/install/multi_view_pkg/lib/python3.10/site-packages:${PYTHONPATH} /usr/bin/python3 -W ignore:setup.py install is deprecated -W ignore:easy_install command is deprecated setup.py egg_info --egg-base ../../build/multi_view_pkg build --build-base /home/affan/Documents/FY_Project/build/multi_view_pkg/build install --record /home/affan/Documents/FY_Project/build/multi_view_pkg/install.log --single-version-externally-managed install_data
[0.874s] running egg_info
[0.875s] writing ../../build/multi_view_pkg/multi_view_pkg.egg-info/PKG-INFO
[0.875s] writing dependency_links to ../../build/multi_view_pkg/multi_view_pkg.egg-info/dependency_links.txt
[0.875s] writing entry points to ../../build/multi_view_pkg/multi_view_pkg.egg-info/entry_points.txt
[0.875s] writing requirements to ../../build/multi_view_pkg/multi_view_pkg.egg-info/requires.txt
[0.875s] writing top-level names to ../../build/multi_view_pkg/multi_view_pkg.egg-info/top_level.txt
[0.877s] reading manifest file '../../build/multi_view_pkg/multi_view_pkg.egg-info/SOURCES.txt'
[0.878s] writing manifest file '../../build/multi_view_pkg/multi_view_pkg.egg-info/SOURCES.txt'
[0.878s] running build
[0.878s] running build_py
[0.878s] running install
[0.879s] running install_lib
[0.880s] running install_data
[0.880s] running install_egg_info
[0.882s] removing '/home/affan/Documents/FY_Project/install/multi_view_pkg/lib/python3.10/site-packages/multi_view_pkg-0.0.0-py3.10.egg-info' (and everything under it)
[0.882s] Copying ../../build/multi_view_pkg/multi_view_pkg.egg-info to /home/affan/Documents/FY_Project/install/multi_view_pkg/lib/python3.10/site-packages/multi_view_pkg-0.0.0-py3.10.egg-info
[0.883s] running install_scripts
[0.901s] Installing mover script to /home/affan/Documents/FY_Project/install/multi_view_pkg/lib/multi_view_pkg
[0.901s] writing list of installed files to '/home/affan/Documents/FY_Project/build/multi_view_pkg/install.log'
[0.934s] Invoked command in '/home/affan/Documents/FY_Project/src/multi_view_pkg' returned '0': PYTHONPATH=/home/affan/Documents/FY_Project/build/multi_view_pkg/prefix_override:/usr/lib/python3/dist-packages/colcon_core/task/python/colcon_distutils_commands:/home/affan/Documents/FY_Project/install/multi_view_pkg/lib/python3.10/site-packages:${PYTHONPATH} /usr/bin/python3 -W ignore:setup.py install is deprecated -W ignore:easy_install command is deprecated setup.py egg_info --egg-base ../../build/multi_view_pkg build --build-base /home/affan/Documents/FY_Project/build/multi_view_pkg/build install --record /home/affan/Documents/FY_Project/build/multi_view_pkg/install.log --single-version-externally-managed install_data
