[0.077s] DEBUG:colcon:Command line arguments: ['/usr/bin/colcon', 'build', '--symlink-install']
[0.077s] DEBUG:colcon:Parsed command line arguments: Namespace(log_base=None, log_level=None, verb_name='build', build_base='build', install_base='install', merge_install=False, symlink_install=True, test_result_base=None, continue_on_error=False, executor='parallel', parallel_workers=16, event_handlers=None, ignore_user_meta=False, metas=['./colcon.meta'], base_paths=['.'], packages_ignore=None, packages_ignore_regex=None, paths=None, packages_up_to=None, packages_up_to_regex=None, packages_above=None, packages_above_and_dependencies=None, packages_above_depth=None, packages_select_by_dep=None, packages_skip_by_dep=None, packages_skip_up_to=None, packages_select_build_failed=False, packages_skip_build_finished=False, packages_select_test_failures=False, packages_skip_test_passed=False, packages_select=None, packages_skip=None, packages_select_regex=None, packages_skip_regex=None, packages_start=None, packages_end=None, allow_overriding=[], cmake_args=None, cmake_target=None, cmake_target_skip_unavailable=False, cmake_clean_cache=False, cmake_clean_first=False, cmake_force_configure=False, ament_cmake_args=None, catkin_cmake_args=None, catkin_skip_building_tests=False, mixin_files=None, mixin=None, verb_parser=<colcon_mixin.mixin.mixin_argument.MixinArgumentDecorator object at 0x727c91f6e560>, verb_extension=<colcon_core.verb.build.BuildVerb object at 0x727c91f6ded0>, main=<bound method BuildVerb.main of <colcon_core.verb.build.BuildVerb object at 0x727c91f6ded0>>, mixin_verb=('build',))
[0.204s] Level 1:colcon.colcon_core.package_discovery:discover_packages(colcon_meta) check parameters
[0.204s] Level 1:colcon.colcon_core.package_discovery:discover_packages(recursive) check parameters
[0.204s] Level 1:colcon.colcon_core.package_discovery:discover_packages(ignore) check parameters
[0.204s] Level 1:colcon.colcon_core.package_discovery:discover_packages(path) check parameters
[0.204s] Level 1:colcon.colcon_core.package_discovery:discover_packages(colcon_meta) discover
[0.205s] Level 1:colcon.colcon_core.package_discovery:discover_packages(recursive) discover
[0.205s] INFO:colcon.colcon_core.package_discovery:Crawling recursively for packages in '/home/affan/Documents/FY_Project'
[0.205s] Level 1:colcon.colcon_core.package_identification:_identify(.) by extensions ['ignore', 'ignore_ament_install']
[0.205s] Level 1:colcon.colcon_core.package_identification:_identify(.) by extension 'ignore'
[0.205s] Level 1:colcon.colcon_core.package_identification:_identify(.) by extension 'ignore_ament_install'
[0.205s] Level 1:colcon.colcon_core.package_identification:_identify(.) by extensions ['colcon_pkg']
[0.205s] Level 1:colcon.colcon_core.package_identification:_identify(.) by extension 'colcon_pkg'
[0.205s] Level 1:colcon.colcon_core.package_identification:_identify(.) by extensions ['colcon_meta']
[0.205s] Level 1:colcon.colcon_core.package_identification:_identify(.) by extension 'colcon_meta'
[0.205s] Level 1:colcon.colcon_core.package_identification:_identify(.) by extensions ['ros']
[0.205s] Level 1:colcon.colcon_core.package_identification:_identify(.) by extension 'ros'
[0.213s] Level 1:colcon.colcon_core.package_identification:_identify(.) by extensions ['cmake', 'python']
[0.213s] Level 1:colcon.colcon_core.package_identification:_identify(.) by extension 'cmake'
[0.213s] Level 1:colcon.colcon_core.package_identification:_identify(.) by extension 'python'
[0.213s] Level 1:colcon.colcon_core.package_identification:_identify(.) by extensions ['python_setup_py']
[0.213s] Level 1:colcon.colcon_core.package_identification:_identify(.) by extension 'python_setup_py'
[0.213s] Level 1:colcon.colcon_core.package_identification:_identify(build) by extensions ['ignore', 'ignore_ament_install']
[0.213s] Level 1:colcon.colcon_core.package_identification:_identify(build) by extension 'ignore'
[0.213s] Level 1:colcon.colcon_core.package_identification:_identify(build) ignored
[0.213s] Level 1:colcon.colcon_core.package_identification:_identify(install) by extensions ['ignore', 'ignore_ament_install']
[0.213s] Level 1:colcon.colcon_core.package_identification:_identify(install) by extension 'ignore'
[0.213s] Level 1:colcon.colcon_core.package_identification:_identify(install) ignored
[0.213s] Level 1:colcon.colcon_core.package_identification:_identify(log) by extensions ['ignore', 'ignore_ament_install']
[0.213s] Level 1:colcon.colcon_core.package_identification:_identify(log) by extension 'ignore'
[0.213s] Level 1:colcon.colcon_core.package_identification:_identify(log) ignored
[0.213s] Level 1:colcon.colcon_core.package_identification:_identify(src) by extensions ['ignore', 'ignore_ament_install']
[0.213s] Level 1:colcon.colcon_core.package_identification:_identify(src) by extension 'ignore'
[0.213s] Level 1:colcon.colcon_core.package_identification:_identify(src) by extension 'ignore_ament_install'
[0.213s] Level 1:colcon.colcon_core.package_identification:_identify(src) by extensions ['colcon_pkg']
[0.214s] Level 1:colcon.colcon_core.package_identification:_identify(src) by extension 'colcon_pkg'
[0.214s] Level 1:colcon.colcon_core.package_identification:_identify(src) by extensions ['colcon_meta']
[0.214s] Level 1:colcon.colcon_core.package_identification:_identify(src) by extension 'colcon_meta'
[0.214s] Level 1:colcon.colcon_core.package_identification:_identify(src) by extensions ['ros']
[0.214s] Level 1:colcon.colcon_core.package_identification:_identify(src) by extension 'ros'
[0.214s] Level 1:colcon.colcon_core.package_identification:_identify(src) by extensions ['cmake', 'python']
[0.214s] Level 1:colcon.colcon_core.package_identification:_identify(src) by extension 'cmake'
[0.214s] Level 1:colcon.colcon_core.package_identification:_identify(src) by extension 'python'
[0.214s] Level 1:colcon.colcon_core.package_identification:_identify(src) by extensions ['python_setup_py']
[0.214s] Level 1:colcon.colcon_core.package_identification:_identify(src) by extension 'python_setup_py'
[0.214s] Level 1:colcon.colcon_core.package_identification:_identify(src/isaac_ros_pose_estimation) by extensions ['ignore', 'ignore_ament_install']
[0.214s] Level 1:colcon.colcon_core.package_identification:_identify(src/isaac_ros_pose_estimation) by extension 'ignore'
[0.214s] Level 1:colcon.colcon_core.package_identification:_identify(src/isaac_ros_pose_estimation) by extension 'ignore_ament_install'
[0.214s] Level 1:colcon.colcon_core.package_identification:_identify(src/isaac_ros_pose_estimation) by extensions ['colcon_pkg']
[0.214s] Level 1:colcon.colcon_core.package_identification:_identify(src/isaac_ros_pose_estimation) by extension 'colcon_pkg'
[0.214s] Level 1:colcon.colcon_core.package_identification:_identify(src/isaac_ros_pose_estimation) by extensions ['colcon_meta']
[0.214s] Level 1:colcon.colcon_core.package_identification:_identify(src/isaac_ros_pose_estimation) by extension 'colcon_meta'
[0.214s] Level 1:colcon.colcon_core.package_identification:_identify(src/isaac_ros_pose_estimation) by extensions ['ros']
[0.214s] Level 1:colcon.colcon_core.package_identification:_identify(src/isaac_ros_pose_estimation) by extension 'ros'
[0.214s] Level 1:colcon.colcon_core.package_identification:_identify(src/isaac_ros_pose_estimation) by extensions ['cmake', 'python']
[0.214s] Level 1:colcon.colcon_core.package_identification:_identify(src/isaac_ros_pose_estimation) by extension 'cmake'
[0.214s] Level 1:colcon.colcon_core.package_identification:_identify(src/isaac_ros_pose_estimation) by extension 'python'
[0.214s] Level 1:colcon.colcon_core.package_identification:_identify(src/isaac_ros_pose_estimation) by extensions ['python_setup_py']
[0.214s] Level 1:colcon.colcon_core.package_identification:_identify(src/isaac_ros_pose_estimation) by extension 'python_setup_py'
[0.214s] Level 1:colcon.colcon_core.package_identification:_identify(src/isaac_ros_pose_estimation/isaac_ros_centerpose) by extensions ['ignore', 'ignore_ament_install']
[0.215s] Level 1:colcon.colcon_core.package_identification:_identify(src/isaac_ros_pose_estimation/isaac_ros_centerpose) by extension 'ignore'
[0.215s] Level 1:colcon.colcon_core.package_identification:_identify(src/isaac_ros_pose_estimation/isaac_ros_centerpose) by extension 'ignore_ament_install'
[0.215s] Level 1:colcon.colcon_core.package_identification:_identify(src/isaac_ros_pose_estimation/isaac_ros_centerpose) by extensions ['colcon_pkg']
[0.215s] Level 1:colcon.colcon_core.package_identification:_identify(src/isaac_ros_pose_estimation/isaac_ros_centerpose) by extension 'colcon_pkg'
[0.215s] Level 1:colcon.colcon_core.package_identification:_identify(src/isaac_ros_pose_estimation/isaac_ros_centerpose) by extensions ['colcon_meta']
[0.215s] Level 1:colcon.colcon_core.package_identification:_identify(src/isaac_ros_pose_estimation/isaac_ros_centerpose) by extension 'colcon_meta'
[0.215s] Level 1:colcon.colcon_core.package_identification:_identify(src/isaac_ros_pose_estimation/isaac_ros_centerpose) by extensions ['ros']
[0.215s] Level 1:colcon.colcon_core.package_identification:_identify(src/isaac_ros_pose_estimation/isaac_ros_centerpose) by extension 'ros'
[0.217s] DEBUG:colcon.colcon_core.package_identification:Package 'src/isaac_ros_pose_estimation/isaac_ros_centerpose' with type 'ros.ament_cmake' and name 'isaac_ros_centerpose'
[0.217s] Level 1:colcon.colcon_core.package_identification:_identify(src/isaac_ros_pose_estimation/isaac_ros_dope) by extensions ['ignore', 'ignore_ament_install']
[0.217s] Level 1:colcon.colcon_core.package_identification:_identify(src/isaac_ros_pose_estimation/isaac_ros_dope) by extension 'ignore'
[0.217s] Level 1:colcon.colcon_core.package_identification:_identify(src/isaac_ros_pose_estimation/isaac_ros_dope) by extension 'ignore_ament_install'
[0.217s] Level 1:colcon.colcon_core.package_identification:_identify(src/isaac_ros_pose_estimation/isaac_ros_dope) by extensions ['colcon_pkg']
[0.217s] Level 1:colcon.colcon_core.package_identification:_identify(src/isaac_ros_pose_estimation/isaac_ros_dope) by extension 'colcon_pkg'
[0.218s] Level 1:colcon.colcon_core.package_identification:_identify(src/isaac_ros_pose_estimation/isaac_ros_dope) by extensions ['colcon_meta']
[0.218s] Level 1:colcon.colcon_core.package_identification:_identify(src/isaac_ros_pose_estimation/isaac_ros_dope) by extension 'colcon_meta'
[0.218s] Level 1:colcon.colcon_core.package_identification:_identify(src/isaac_ros_pose_estimation/isaac_ros_dope) by extensions ['ros']
[0.218s] Level 1:colcon.colcon_core.package_identification:_identify(src/isaac_ros_pose_estimation/isaac_ros_dope) by extension 'ros'
[0.219s] DEBUG:colcon.colcon_core.package_identification:Package 'src/isaac_ros_pose_estimation/isaac_ros_dope' with type 'ros.ament_cmake' and name 'isaac_ros_dope'
[0.219s] Level 1:colcon.colcon_core.package_identification:_identify(src/isaac_ros_pose_estimation/isaac_ros_foundationpose) by extensions ['ignore', 'ignore_ament_install']
[0.219s] Level 1:colcon.colcon_core.package_identification:_identify(src/isaac_ros_pose_estimation/isaac_ros_foundationpose) by extension 'ignore'
[0.219s] Level 1:colcon.colcon_core.package_identification:_identify(src/isaac_ros_pose_estimation/isaac_ros_foundationpose) by extension 'ignore_ament_install'
[0.219s] Level 1:colcon.colcon_core.package_identification:_identify(src/isaac_ros_pose_estimation/isaac_ros_foundationpose) by extensions ['colcon_pkg']
[0.219s] Level 1:colcon.colcon_core.package_identification:_identify(src/isaac_ros_pose_estimation/isaac_ros_foundationpose) by extension 'colcon_pkg'
[0.219s] Level 1:colcon.colcon_core.package_identification:_identify(src/isaac_ros_pose_estimation/isaac_ros_foundationpose) by extensions ['colcon_meta']
[0.219s] Level 1:colcon.colcon_core.package_identification:_identify(src/isaac_ros_pose_estimation/isaac_ros_foundationpose) by extension 'colcon_meta'
[0.219s] Level 1:colcon.colcon_core.package_identification:_identify(src/isaac_ros_pose_estimation/isaac_ros_foundationpose) by extensions ['ros']
[0.219s] Level 1:colcon.colcon_core.package_identification:_identify(src/isaac_ros_pose_estimation/isaac_ros_foundationpose) by extension 'ros'
[0.220s] DEBUG:colcon.colcon_core.package_identification:Package 'src/isaac_ros_pose_estimation/isaac_ros_foundationpose' with type 'ros.ament_cmake' and name 'isaac_ros_foundationpose'
[0.220s] Level 1:colcon.colcon_core.package_identification:_identify(src/isaac_ros_pose_estimation/isaac_ros_foundationpose_models_install) by extensions ['ignore', 'ignore_ament_install']
[0.221s] Level 1:colcon.colcon_core.package_identification:_identify(src/isaac_ros_pose_estimation/isaac_ros_foundationpose_models_install) by extension 'ignore'
[0.221s] Level 1:colcon.colcon_core.package_identification:_identify(src/isaac_ros_pose_estimation/isaac_ros_foundationpose_models_install) by extension 'ignore_ament_install'
[0.221s] Level 1:colcon.colcon_core.package_identification:_identify(src/isaac_ros_pose_estimation/isaac_ros_foundationpose_models_install) by extensions ['colcon_pkg']
[0.221s] Level 1:colcon.colcon_core.package_identification:_identify(src/isaac_ros_pose_estimation/isaac_ros_foundationpose_models_install) by extension 'colcon_pkg'
[0.221s] Level 1:colcon.colcon_core.package_identification:_identify(src/isaac_ros_pose_estimation/isaac_ros_foundationpose_models_install) by extensions ['colcon_meta']
[0.221s] Level 1:colcon.colcon_core.package_identification:_identify(src/isaac_ros_pose_estimation/isaac_ros_foundationpose_models_install) by extension 'colcon_meta'
[0.221s] Level 1:colcon.colcon_core.package_identification:_identify(src/isaac_ros_pose_estimation/isaac_ros_foundationpose_models_install) by extensions ['ros']
[0.221s] Level 1:colcon.colcon_core.package_identification:_identify(src/isaac_ros_pose_estimation/isaac_ros_foundationpose_models_install) by extension 'ros'
[0.221s] DEBUG:colcon.colcon_core.package_identification:Package 'src/isaac_ros_pose_estimation/isaac_ros_foundationpose_models_install' with type 'ros.ament_cmake' and name 'isaac_ros_foundationpose_models_install'
[0.221s] Level 1:colcon.colcon_core.package_identification:_identify(src/isaac_ros_pose_estimation/isaac_ros_gxf_extensions) by extensions ['ignore', 'ignore_ament_install']
[0.221s] Level 1:colcon.colcon_core.package_identification:_identify(src/isaac_ros_pose_estimation/isaac_ros_gxf_extensions) by extension 'ignore'
[0.221s] Level 1:colcon.colcon_core.package_identification:_identify(src/isaac_ros_pose_estimation/isaac_ros_gxf_extensions) by extension 'ignore_ament_install'
[0.221s] Level 1:colcon.colcon_core.package_identification:_identify(src/isaac_ros_pose_estimation/isaac_ros_gxf_extensions) by extensions ['colcon_pkg']
[0.221s] Level 1:colcon.colcon_core.package_identification:_identify(src/isaac_ros_pose_estimation/isaac_ros_gxf_extensions) by extension 'colcon_pkg'
[0.221s] Level 1:colcon.colcon_core.package_identification:_identify(src/isaac_ros_pose_estimation/isaac_ros_gxf_extensions) by extensions ['colcon_meta']
[0.221s] Level 1:colcon.colcon_core.package_identification:_identify(src/isaac_ros_pose_estimation/isaac_ros_gxf_extensions) by extension 'colcon_meta'
[0.222s] Level 1:colcon.colcon_core.package_identification:_identify(src/isaac_ros_pose_estimation/isaac_ros_gxf_extensions) by extensions ['ros']
[0.222s] Level 1:colcon.colcon_core.package_identification:_identify(src/isaac_ros_pose_estimation/isaac_ros_gxf_extensions) by extension 'ros'
[0.222s] Level 1:colcon.colcon_core.package_identification:_identify(src/isaac_ros_pose_estimation/isaac_ros_gxf_extensions) by extensions ['cmake', 'python']
[0.222s] Level 1:colcon.colcon_core.package_identification:_identify(src/isaac_ros_pose_estimation/isaac_ros_gxf_extensions) by extension 'cmake'
[0.222s] Level 1:colcon.colcon_core.package_identification:_identify(src/isaac_ros_pose_estimation/isaac_ros_gxf_extensions) by extension 'python'
[0.222s] Level 1:colcon.colcon_core.package_identification:_identify(src/isaac_ros_pose_estimation/isaac_ros_gxf_extensions) by extensions ['python_setup_py']
[0.222s] Level 1:colcon.colcon_core.package_identification:_identify(src/isaac_ros_pose_estimation/isaac_ros_gxf_extensions) by extension 'python_setup_py'
[0.222s] Level 1:colcon.colcon_core.package_identification:_identify(src/isaac_ros_pose_estimation/isaac_ros_gxf_extensions/gxf_isaac_centerpose) by extensions ['ignore', 'ignore_ament_install']
[0.222s] Level 1:colcon.colcon_core.package_identification:_identify(src/isaac_ros_pose_estimation/isaac_ros_gxf_extensions/gxf_isaac_centerpose) by extension 'ignore'
[0.222s] Level 1:colcon.colcon_core.package_identification:_identify(src/isaac_ros_pose_estimation/isaac_ros_gxf_extensions/gxf_isaac_centerpose) by extension 'ignore_ament_install'
[0.222s] Level 1:colcon.colcon_core.package_identification:_identify(src/isaac_ros_pose_estimation/isaac_ros_gxf_extensions/gxf_isaac_centerpose) by extensions ['colcon_pkg']
[0.222s] Level 1:colcon.colcon_core.package_identification:_identify(src/isaac_ros_pose_estimation/isaac_ros_gxf_extensions/gxf_isaac_centerpose) by extension 'colcon_pkg'
[0.222s] Level 1:colcon.colcon_core.package_identification:_identify(src/isaac_ros_pose_estimation/isaac_ros_gxf_extensions/gxf_isaac_centerpose) by extensions ['colcon_meta']
[0.222s] Level 1:colcon.colcon_core.package_identification:_identify(src/isaac_ros_pose_estimation/isaac_ros_gxf_extensions/gxf_isaac_centerpose) by extension 'colcon_meta'
[0.222s] Level 1:colcon.colcon_core.package_identification:_identify(src/isaac_ros_pose_estimation/isaac_ros_gxf_extensions/gxf_isaac_centerpose) by extensions ['ros']
[0.222s] Level 1:colcon.colcon_core.package_identification:_identify(src/isaac_ros_pose_estimation/isaac_ros_gxf_extensions/gxf_isaac_centerpose) by extension 'ros'
[0.223s] DEBUG:colcon.colcon_core.package_identification:Package 'src/isaac_ros_pose_estimation/isaac_ros_gxf_extensions/gxf_isaac_centerpose' with type 'ros.ament_cmake' and name 'gxf_isaac_centerpose'
[0.223s] Level 1:colcon.colcon_core.package_identification:_identify(src/isaac_ros_pose_estimation/isaac_ros_gxf_extensions/gxf_isaac_dope) by extensions ['ignore', 'ignore_ament_install']
[0.223s] Level 1:colcon.colcon_core.package_identification:_identify(src/isaac_ros_pose_estimation/isaac_ros_gxf_extensions/gxf_isaac_dope) by extension 'ignore'
[0.223s] Level 1:colcon.colcon_core.package_identification:_identify(src/isaac_ros_pose_estimation/isaac_ros_gxf_extensions/gxf_isaac_dope) by extension 'ignore_ament_install'
[0.223s] Level 1:colcon.colcon_core.package_identification:_identify(src/isaac_ros_pose_estimation/isaac_ros_gxf_extensions/gxf_isaac_dope) by extensions ['colcon_pkg']
[0.223s] Level 1:colcon.colcon_core.package_identification:_identify(src/isaac_ros_pose_estimation/isaac_ros_gxf_extensions/gxf_isaac_dope) by extension 'colcon_pkg'
[0.223s] Level 1:colcon.colcon_core.package_identification:_identify(src/isaac_ros_pose_estimation/isaac_ros_gxf_extensions/gxf_isaac_dope) by extensions ['colcon_meta']
[0.223s] Level 1:colcon.colcon_core.package_identification:_identify(src/isaac_ros_pose_estimation/isaac_ros_gxf_extensions/gxf_isaac_dope) by extension 'colcon_meta'
[0.223s] Level 1:colcon.colcon_core.package_identification:_identify(src/isaac_ros_pose_estimation/isaac_ros_gxf_extensions/gxf_isaac_dope) by extensions ['ros']
[0.223s] Level 1:colcon.colcon_core.package_identification:_identify(src/isaac_ros_pose_estimation/isaac_ros_gxf_extensions/gxf_isaac_dope) by extension 'ros'
[0.224s] DEBUG:colcon.colcon_core.package_identification:Package 'src/isaac_ros_pose_estimation/isaac_ros_gxf_extensions/gxf_isaac_dope' with type 'ros.ament_cmake' and name 'gxf_isaac_dope'
[0.224s] Level 1:colcon.colcon_core.package_identification:_identify(src/isaac_ros_pose_estimation/isaac_ros_gxf_extensions/gxf_isaac_foundationpose) by extensions ['ignore', 'ignore_ament_install']
[0.224s] Level 1:colcon.colcon_core.package_identification:_identify(src/isaac_ros_pose_estimation/isaac_ros_gxf_extensions/gxf_isaac_foundationpose) by extension 'ignore'
[0.224s] Level 1:colcon.colcon_core.package_identification:_identify(src/isaac_ros_pose_estimation/isaac_ros_gxf_extensions/gxf_isaac_foundationpose) by extension 'ignore_ament_install'
[0.224s] Level 1:colcon.colcon_core.package_identification:_identify(src/isaac_ros_pose_estimation/isaac_ros_gxf_extensions/gxf_isaac_foundationpose) by extensions ['colcon_pkg']
[0.224s] Level 1:colcon.colcon_core.package_identification:_identify(src/isaac_ros_pose_estimation/isaac_ros_gxf_extensions/gxf_isaac_foundationpose) by extension 'colcon_pkg'
[0.224s] Level 1:colcon.colcon_core.package_identification:_identify(src/isaac_ros_pose_estimation/isaac_ros_gxf_extensions/gxf_isaac_foundationpose) by extensions ['colcon_meta']
[0.224s] Level 1:colcon.colcon_core.package_identification:_identify(src/isaac_ros_pose_estimation/isaac_ros_gxf_extensions/gxf_isaac_foundationpose) by extension 'colcon_meta'
[0.224s] Level 1:colcon.colcon_core.package_identification:_identify(src/isaac_ros_pose_estimation/isaac_ros_gxf_extensions/gxf_isaac_foundationpose) by extensions ['ros']
[0.224s] Level 1:colcon.colcon_core.package_identification:_identify(src/isaac_ros_pose_estimation/isaac_ros_gxf_extensions/gxf_isaac_foundationpose) by extension 'ros'
[0.224s] DEBUG:colcon.colcon_core.package_identification:Package 'src/isaac_ros_pose_estimation/isaac_ros_gxf_extensions/gxf_isaac_foundationpose' with type 'ros.ament_cmake' and name 'gxf_isaac_foundationpose'
[0.225s] Level 1:colcon.colcon_core.package_identification:_identify(src/isaac_ros_pose_estimation/isaac_ros_pose_proc) by extensions ['ignore', 'ignore_ament_install']
[0.225s] Level 1:colcon.colcon_core.package_identification:_identify(src/isaac_ros_pose_estimation/isaac_ros_pose_proc) by extension 'ignore'
[0.225s] Level 1:colcon.colcon_core.package_identification:_identify(src/isaac_ros_pose_estimation/isaac_ros_pose_proc) by extension 'ignore_ament_install'
[0.225s] Level 1:colcon.colcon_core.package_identification:_identify(src/isaac_ros_pose_estimation/isaac_ros_pose_proc) by extensions ['colcon_pkg']
[0.225s] Level 1:colcon.colcon_core.package_identification:_identify(src/isaac_ros_pose_estimation/isaac_ros_pose_proc) by extension 'colcon_pkg'
[0.225s] Level 1:colcon.colcon_core.package_identification:_identify(src/isaac_ros_pose_estimation/isaac_ros_pose_proc) by extensions ['colcon_meta']
[0.225s] Level 1:colcon.colcon_core.package_identification:_identify(src/isaac_ros_pose_estimation/isaac_ros_pose_proc) by extension 'colcon_meta'
[0.225s] Level 1:colcon.colcon_core.package_identification:_identify(src/isaac_ros_pose_estimation/isaac_ros_pose_proc) by extensions ['ros']
[0.225s] Level 1:colcon.colcon_core.package_identification:_identify(src/isaac_ros_pose_estimation/isaac_ros_pose_proc) by extension 'ros'
[0.226s] DEBUG:colcon.colcon_core.package_identification:Package 'src/isaac_ros_pose_estimation/isaac_ros_pose_proc' with type 'ros.ament_cmake' and name 'isaac_ros_pose_proc'
[0.226s] Level 1:colcon.colcon_core.package_identification:_identify(src/isaac_ros_pose_estimation/test) by extensions ['ignore', 'ignore_ament_install']
[0.226s] Level 1:colcon.colcon_core.package_identification:_identify(src/isaac_ros_pose_estimation/test) by extension 'ignore'
[0.226s] Level 1:colcon.colcon_core.package_identification:_identify(src/isaac_ros_pose_estimation/test) by extension 'ignore_ament_install'
[0.226s] Level 1:colcon.colcon_core.package_identification:_identify(src/isaac_ros_pose_estimation/test) by extensions ['colcon_pkg']
[0.226s] Level 1:colcon.colcon_core.package_identification:_identify(src/isaac_ros_pose_estimation/test) by extension 'colcon_pkg'
[0.226s] Level 1:colcon.colcon_core.package_identification:_identify(src/isaac_ros_pose_estimation/test) by extensions ['colcon_meta']
[0.226s] Level 1:colcon.colcon_core.package_identification:_identify(src/isaac_ros_pose_estimation/test) by extension 'colcon_meta'
[0.226s] Level 1:colcon.colcon_core.package_identification:_identify(src/isaac_ros_pose_estimation/test) by extensions ['ros']
[0.226s] Level 1:colcon.colcon_core.package_identification:_identify(src/isaac_ros_pose_estimation/test) by extension 'ros'
[0.226s] Level 1:colcon.colcon_core.package_identification:_identify(src/isaac_ros_pose_estimation/test) by extensions ['cmake', 'python']
[0.226s] Level 1:colcon.colcon_core.package_identification:_identify(src/isaac_ros_pose_estimation/test) by extension 'cmake'
[0.226s] Level 1:colcon.colcon_core.package_identification:_identify(src/isaac_ros_pose_estimation/test) by extension 'python'
[0.226s] Level 1:colcon.colcon_core.package_identification:_identify(src/isaac_ros_pose_estimation/test) by extensions ['python_setup_py']
[0.226s] Level 1:colcon.colcon_core.package_identification:_identify(src/isaac_ros_pose_estimation/test) by extension 'python_setup_py'
[0.226s] Level 1:colcon.colcon_core.package_identification:_identify(src/isaac_ros_pose_estimation/test/models) by extensions ['ignore', 'ignore_ament_install']
[0.226s] Level 1:colcon.colcon_core.package_identification:_identify(src/isaac_ros_pose_estimation/test/models) by extension 'ignore'
[0.226s] Level 1:colcon.colcon_core.package_identification:_identify(src/isaac_ros_pose_estimation/test/models) by extension 'ignore_ament_install'
[0.226s] Level 1:colcon.colcon_core.package_identification:_identify(src/isaac_ros_pose_estimation/test/models) by extensions ['colcon_pkg']
[0.226s] Level 1:colcon.colcon_core.package_identification:_identify(src/isaac_ros_pose_estimation/test/models) by extension 'colcon_pkg'
[0.226s] Level 1:colcon.colcon_core.package_identification:_identify(src/isaac_ros_pose_estimation/test/models) by extensions ['colcon_meta']
[0.226s] Level 1:colcon.colcon_core.package_identification:_identify(src/isaac_ros_pose_estimation/test/models) by extension 'colcon_meta'
[0.226s] Level 1:colcon.colcon_core.package_identification:_identify(src/isaac_ros_pose_estimation/test/models) by extensions ['ros']
[0.226s] Level 1:colcon.colcon_core.package_identification:_identify(src/isaac_ros_pose_estimation/test/models) by extension 'ros'
[0.227s] Level 1:colcon.colcon_core.package_identification:_identify(src/isaac_ros_pose_estimation/test/models) by extensions ['cmake', 'python']
[0.227s] Level 1:colcon.colcon_core.package_identification:_identify(src/isaac_ros_pose_estimation/test/models) by extension 'cmake'
[0.227s] Level 1:colcon.colcon_core.package_identification:_identify(src/isaac_ros_pose_estimation/test/models) by extension 'python'
[0.227s] Level 1:colcon.colcon_core.package_identification:_identify(src/isaac_ros_pose_estimation/test/models) by extensions ['python_setup_py']
[0.227s] Level 1:colcon.colcon_core.package_identification:_identify(src/isaac_ros_pose_estimation/test/models) by extension 'python_setup_py'
[0.227s] Level 1:colcon.colcon_core.package_identification:_identify(src/isaac_ros_pose_estimation/test/models/dope_ketchup_pol) by extensions ['ignore', 'ignore_ament_install']
[0.227s] Level 1:colcon.colcon_core.package_identification:_identify(src/isaac_ros_pose_estimation/test/models/dope_ketchup_pol) by extension 'ignore'
[0.227s] Level 1:colcon.colcon_core.package_identification:_identify(src/isaac_ros_pose_estimation/test/models/dope_ketchup_pol) by extension 'ignore_ament_install'
[0.227s] Level 1:colcon.colcon_core.package_identification:_identify(src/isaac_ros_pose_estimation/test/models/dope_ketchup_pol) by extensions ['colcon_pkg']
[0.227s] Level 1:colcon.colcon_core.package_identification:_identify(src/isaac_ros_pose_estimation/test/models/dope_ketchup_pol) by extension 'colcon_pkg'
[0.227s] Level 1:colcon.colcon_core.package_identification:_identify(src/isaac_ros_pose_estimation/test/models/dope_ketchup_pol) by extensions ['colcon_meta']
[0.227s] Level 1:colcon.colcon_core.package_identification:_identify(src/isaac_ros_pose_estimation/test/models/dope_ketchup_pol) by extension 'colcon_meta'
[0.227s] Level 1:colcon.colcon_core.package_identification:_identify(src/isaac_ros_pose_estimation/test/models/dope_ketchup_pol) by extensions ['ros']
[0.227s] Level 1:colcon.colcon_core.package_identification:_identify(src/isaac_ros_pose_estimation/test/models/dope_ketchup_pol) by extension 'ros'
[0.227s] Level 1:colcon.colcon_core.package_identification:_identify(src/isaac_ros_pose_estimation/test/models/dope_ketchup_pol) by extensions ['cmake', 'python']
[0.227s] Level 1:colcon.colcon_core.package_identification:_identify(src/isaac_ros_pose_estimation/test/models/dope_ketchup_pol) by extension 'cmake'
[0.227s] Level 1:colcon.colcon_core.package_identification:_identify(src/isaac_ros_pose_estimation/test/models/dope_ketchup_pol) by extension 'python'
[0.227s] Level 1:colcon.colcon_core.package_identification:_identify(src/isaac_ros_pose_estimation/test/models/dope_ketchup_pol) by extensions ['python_setup_py']
[0.227s] Level 1:colcon.colcon_core.package_identification:_identify(src/isaac_ros_pose_estimation/test/models/dope_ketchup_pol) by extension 'python_setup_py'
[0.227s] Level 1:colcon.colcon_core.package_identification:_identify(src/isaac_ros_pose_estimation/test/models/dope_ketchup_pol/1) by extensions ['ignore', 'ignore_ament_install']
[0.227s] Level 1:colcon.colcon_core.package_identification:_identify(src/isaac_ros_pose_estimation/test/models/dope_ketchup_pol/1) by extension 'ignore'
[0.227s] Level 1:colcon.colcon_core.package_identification:_identify(src/isaac_ros_pose_estimation/test/models/dope_ketchup_pol/1) by extension 'ignore_ament_install'
[0.227s] Level 1:colcon.colcon_core.package_identification:_identify(src/isaac_ros_pose_estimation/test/models/dope_ketchup_pol/1) by extensions ['colcon_pkg']
[0.227s] Level 1:colcon.colcon_core.package_identification:_identify(src/isaac_ros_pose_estimation/test/models/dope_ketchup_pol/1) by extension 'colcon_pkg'
[0.228s] Level 1:colcon.colcon_core.package_identification:_identify(src/isaac_ros_pose_estimation/test/models/dope_ketchup_pol/1) by extensions ['colcon_meta']
[0.228s] Level 1:colcon.colcon_core.package_identification:_identify(src/isaac_ros_pose_estimation/test/models/dope_ketchup_pol/1) by extension 'colcon_meta'
[0.228s] Level 1:colcon.colcon_core.package_identification:_identify(src/isaac_ros_pose_estimation/test/models/dope_ketchup_pol/1) by extensions ['ros']
[0.228s] Level 1:colcon.colcon_core.package_identification:_identify(src/isaac_ros_pose_estimation/test/models/dope_ketchup_pol/1) by extension 'ros'
[0.228s] Level 1:colcon.colcon_core.package_identification:_identify(src/isaac_ros_pose_estimation/test/models/dope_ketchup_pol/1) by extensions ['cmake', 'python']
[0.228s] Level 1:colcon.colcon_core.package_identification:_identify(src/isaac_ros_pose_estimation/test/models/dope_ketchup_pol/1) by extension 'cmake'
[0.228s] Level 1:colcon.colcon_core.package_identification:_identify(src/isaac_ros_pose_estimation/test/models/dope_ketchup_pol/1) by extension 'python'
[0.228s] Level 1:colcon.colcon_core.package_identification:_identify(src/isaac_ros_pose_estimation/test/models/dope_ketchup_pol/1) by extensions ['python_setup_py']
[0.228s] Level 1:colcon.colcon_core.package_identification:_identify(src/isaac_ros_pose_estimation/test/models/dope_ketchup_pol/1) by extension 'python_setup_py'
[0.228s] Level 1:colcon.colcon_core.package_discovery:discover_packages(recursive) using defaults
[0.228s] Level 1:colcon.colcon_core.package_discovery:discover_packages(ignore) discover
[0.228s] Level 1:colcon.colcon_core.package_discovery:discover_packages(ignore) using defaults
[0.228s] Level 1:colcon.colcon_core.package_discovery:discover_packages(path) discover
[0.228s] Level 1:colcon.colcon_core.package_discovery:discover_packages(path) using defaults
[0.251s] Level 1:colcon.colcon_core.package_discovery:discover_packages(prefix_path) check parameters
[0.251s] Level 1:colcon.colcon_core.package_discovery:discover_packages(prefix_path) discover
[0.253s] DEBUG:colcon.colcon_installed_package_information.package_discovery:Found 313 installed packages in /opt/ros/humble
[0.254s] Level 1:colcon.colcon_core.package_discovery:discover_packages(prefix_path) using defaults
[0.284s] Level 5:colcon.colcon_core.verb:set package 'gxf_isaac_centerpose' build argument 'cmake_args' from command line to 'None'
[0.284s] Level 5:colcon.colcon_core.verb:set package 'gxf_isaac_centerpose' build argument 'cmake_target' from command line to 'None'
[0.284s] Level 5:colcon.colcon_core.verb:set package 'gxf_isaac_centerpose' build argument 'cmake_target_skip_unavailable' from command line to 'False'
[0.284s] Level 5:colcon.colcon_core.verb:set package 'gxf_isaac_centerpose' build argument 'cmake_clean_cache' from command line to 'False'
[0.284s] Level 5:colcon.colcon_core.verb:set package 'gxf_isaac_centerpose' build argument 'cmake_clean_first' from command line to 'False'
[0.284s] Level 5:colcon.colcon_core.verb:set package 'gxf_isaac_centerpose' build argument 'cmake_force_configure' from command line to 'False'
[0.284s] Level 5:colcon.colcon_core.verb:set package 'gxf_isaac_centerpose' build argument 'ament_cmake_args' from command line to 'None'
[0.284s] Level 5:colcon.colcon_core.verb:set package 'gxf_isaac_centerpose' build argument 'catkin_cmake_args' from command line to 'None'
[0.284s] Level 5:colcon.colcon_core.verb:set package 'gxf_isaac_centerpose' build argument 'catkin_skip_building_tests' from command line to 'False'
[0.284s] DEBUG:colcon.colcon_core.verb:Building package 'gxf_isaac_centerpose' with the following arguments: {'ament_cmake_args': None, 'build_base': '/home/affan/Documents/FY_Project/build/gxf_isaac_centerpose', 'catkin_cmake_args': None, 'catkin_skip_building_tests': False, 'cmake_args': None, 'cmake_clean_cache': False, 'cmake_clean_first': False, 'cmake_force_configure': False, 'cmake_target': None, 'cmake_target_skip_unavailable': False, 'install_base': '/home/affan/Documents/FY_Project/install/gxf_isaac_centerpose', 'merge_install': False, 'path': '/home/affan/Documents/FY_Project/src/isaac_ros_pose_estimation/isaac_ros_gxf_extensions/gxf_isaac_centerpose', 'symlink_install': True, 'test_result_base': None}
[0.284s] Level 5:colcon.colcon_core.verb:set package 'gxf_isaac_dope' build argument 'cmake_args' from command line to 'None'
[0.284s] Level 5:colcon.colcon_core.verb:set package 'gxf_isaac_dope' build argument 'cmake_target' from command line to 'None'
[0.284s] Level 5:colcon.colcon_core.verb:set package 'gxf_isaac_dope' build argument 'cmake_target_skip_unavailable' from command line to 'False'
[0.284s] Level 5:colcon.colcon_core.verb:set package 'gxf_isaac_dope' build argument 'cmake_clean_cache' from command line to 'False'
[0.284s] Level 5:colcon.colcon_core.verb:set package 'gxf_isaac_dope' build argument 'cmake_clean_first' from command line to 'False'
[0.284s] Level 5:colcon.colcon_core.verb:set package 'gxf_isaac_dope' build argument 'cmake_force_configure' from command line to 'False'
[0.284s] Level 5:colcon.colcon_core.verb:set package 'gxf_isaac_dope' build argument 'ament_cmake_args' from command line to 'None'
[0.284s] Level 5:colcon.colcon_core.verb:set package 'gxf_isaac_dope' build argument 'catkin_cmake_args' from command line to 'None'
[0.284s] Level 5:colcon.colcon_core.verb:set package 'gxf_isaac_dope' build argument 'catkin_skip_building_tests' from command line to 'False'
[0.284s] DEBUG:colcon.colcon_core.verb:Building package 'gxf_isaac_dope' with the following arguments: {'ament_cmake_args': None, 'build_base': '/home/affan/Documents/FY_Project/build/gxf_isaac_dope', 'catkin_cmake_args': None, 'catkin_skip_building_tests': False, 'cmake_args': None, 'cmake_clean_cache': False, 'cmake_clean_first': False, 'cmake_force_configure': False, 'cmake_target': None, 'cmake_target_skip_unavailable': False, 'install_base': '/home/affan/Documents/FY_Project/install/gxf_isaac_dope', 'merge_install': False, 'path': '/home/affan/Documents/FY_Project/src/isaac_ros_pose_estimation/isaac_ros_gxf_extensions/gxf_isaac_dope', 'symlink_install': True, 'test_result_base': None}
[0.284s] Level 5:colcon.colcon_core.verb:set package 'gxf_isaac_foundationpose' build argument 'cmake_args' from command line to 'None'
[0.284s] Level 5:colcon.colcon_core.verb:set package 'gxf_isaac_foundationpose' build argument 'cmake_target' from command line to 'None'
[0.284s] Level 5:colcon.colcon_core.verb:set package 'gxf_isaac_foundationpose' build argument 'cmake_target_skip_unavailable' from command line to 'False'
[0.285s] Level 5:colcon.colcon_core.verb:set package 'gxf_isaac_foundationpose' build argument 'cmake_clean_cache' from command line to 'False'
[0.285s] Level 5:colcon.colcon_core.verb:set package 'gxf_isaac_foundationpose' build argument 'cmake_clean_first' from command line to 'False'
[0.285s] Level 5:colcon.colcon_core.verb:set package 'gxf_isaac_foundationpose' build argument 'cmake_force_configure' from command line to 'False'
[0.285s] Level 5:colcon.colcon_core.verb:set package 'gxf_isaac_foundationpose' build argument 'ament_cmake_args' from command line to 'None'
[0.285s] Level 5:colcon.colcon_core.verb:set package 'gxf_isaac_foundationpose' build argument 'catkin_cmake_args' from command line to 'None'
[0.285s] Level 5:colcon.colcon_core.verb:set package 'gxf_isaac_foundationpose' build argument 'catkin_skip_building_tests' from command line to 'False'
[0.285s] DEBUG:colcon.colcon_core.verb:Building package 'gxf_isaac_foundationpose' with the following arguments: {'ament_cmake_args': None, 'build_base': '/home/affan/Documents/FY_Project/build/gxf_isaac_foundationpose', 'catkin_cmake_args': None, 'catkin_skip_building_tests': False, 'cmake_args': None, 'cmake_clean_cache': False, 'cmake_clean_first': False, 'cmake_force_configure': False, 'cmake_target': None, 'cmake_target_skip_unavailable': False, 'install_base': '/home/affan/Documents/FY_Project/install/gxf_isaac_foundationpose', 'merge_install': False, 'path': '/home/affan/Documents/FY_Project/src/isaac_ros_pose_estimation/isaac_ros_gxf_extensions/gxf_isaac_foundationpose', 'symlink_install': True, 'test_result_base': None}
[0.285s] Level 5:colcon.colcon_core.verb:set package 'isaac_ros_foundationpose_models_install' build argument 'cmake_args' from command line to 'None'
[0.285s] Level 5:colcon.colcon_core.verb:set package 'isaac_ros_foundationpose_models_install' build argument 'cmake_target' from command line to 'None'
[0.285s] Level 5:colcon.colcon_core.verb:set package 'isaac_ros_foundationpose_models_install' build argument 'cmake_target_skip_unavailable' from command line to 'False'
[0.285s] Level 5:colcon.colcon_core.verb:set package 'isaac_ros_foundationpose_models_install' build argument 'cmake_clean_cache' from command line to 'False'
[0.285s] Level 5:colcon.colcon_core.verb:set package 'isaac_ros_foundationpose_models_install' build argument 'cmake_clean_first' from command line to 'False'
[0.285s] Level 5:colcon.colcon_core.verb:set package 'isaac_ros_foundationpose_models_install' build argument 'cmake_force_configure' from command line to 'False'
[0.285s] Level 5:colcon.colcon_core.verb:set package 'isaac_ros_foundationpose_models_install' build argument 'ament_cmake_args' from command line to 'None'
[0.285s] Level 5:colcon.colcon_core.verb:set package 'isaac_ros_foundationpose_models_install' build argument 'catkin_cmake_args' from command line to 'None'
[0.285s] Level 5:colcon.colcon_core.verb:set package 'isaac_ros_foundationpose_models_install' build argument 'catkin_skip_building_tests' from command line to 'False'
[0.285s] DEBUG:colcon.colcon_core.verb:Building package 'isaac_ros_foundationpose_models_install' with the following arguments: {'ament_cmake_args': None, 'build_base': '/home/affan/Documents/FY_Project/build/isaac_ros_foundationpose_models_install', 'catkin_cmake_args': None, 'catkin_skip_building_tests': False, 'cmake_args': None, 'cmake_clean_cache': False, 'cmake_clean_first': False, 'cmake_force_configure': False, 'cmake_target': None, 'cmake_target_skip_unavailable': False, 'install_base': '/home/affan/Documents/FY_Project/install/isaac_ros_foundationpose_models_install', 'merge_install': False, 'path': '/home/affan/Documents/FY_Project/src/isaac_ros_pose_estimation/isaac_ros_foundationpose_models_install', 'symlink_install': True, 'test_result_base': None}
[0.285s] Level 5:colcon.colcon_core.verb:set package 'isaac_ros_pose_proc' build argument 'cmake_args' from command line to 'None'
[0.285s] Level 5:colcon.colcon_core.verb:set package 'isaac_ros_pose_proc' build argument 'cmake_target' from command line to 'None'
[0.285s] Level 5:colcon.colcon_core.verb:set package 'isaac_ros_pose_proc' build argument 'cmake_target_skip_unavailable' from command line to 'False'
[0.285s] Level 5:colcon.colcon_core.verb:set package 'isaac_ros_pose_proc' build argument 'cmake_clean_cache' from command line to 'False'
[0.285s] Level 5:colcon.colcon_core.verb:set package 'isaac_ros_pose_proc' build argument 'cmake_clean_first' from command line to 'False'
[0.285s] Level 5:colcon.colcon_core.verb:set package 'isaac_ros_pose_proc' build argument 'cmake_force_configure' from command line to 'False'
[0.285s] Level 5:colcon.colcon_core.verb:set package 'isaac_ros_pose_proc' build argument 'ament_cmake_args' from command line to 'None'
[0.285s] Level 5:colcon.colcon_core.verb:set package 'isaac_ros_pose_proc' build argument 'catkin_cmake_args' from command line to 'None'
[0.285s] Level 5:colcon.colcon_core.verb:set package 'isaac_ros_pose_proc' build argument 'catkin_skip_building_tests' from command line to 'False'
[0.285s] DEBUG:colcon.colcon_core.verb:Building package 'isaac_ros_pose_proc' with the following arguments: {'ament_cmake_args': None, 'build_base': '/home/affan/Documents/FY_Project/build/isaac_ros_pose_proc', 'catkin_cmake_args': None, 'catkin_skip_building_tests': False, 'cmake_args': None, 'cmake_clean_cache': False, 'cmake_clean_first': False, 'cmake_force_configure': False, 'cmake_target': None, 'cmake_target_skip_unavailable': False, 'install_base': '/home/affan/Documents/FY_Project/install/isaac_ros_pose_proc', 'merge_install': False, 'path': '/home/affan/Documents/FY_Project/src/isaac_ros_pose_estimation/isaac_ros_pose_proc', 'symlink_install': True, 'test_result_base': None}
[0.286s] Level 5:colcon.colcon_core.verb:set package 'isaac_ros_centerpose' build argument 'cmake_args' from command line to 'None'
[0.286s] Level 5:colcon.colcon_core.verb:set package 'isaac_ros_centerpose' build argument 'cmake_target' from command line to 'None'
[0.286s] Level 5:colcon.colcon_core.verb:set package 'isaac_ros_centerpose' build argument 'cmake_target_skip_unavailable' from command line to 'False'
[0.286s] Level 5:colcon.colcon_core.verb:set package 'isaac_ros_centerpose' build argument 'cmake_clean_cache' from command line to 'False'
[0.286s] Level 5:colcon.colcon_core.verb:set package 'isaac_ros_centerpose' build argument 'cmake_clean_first' from command line to 'False'
[0.286s] Level 5:colcon.colcon_core.verb:set package 'isaac_ros_centerpose' build argument 'cmake_force_configure' from command line to 'False'
[0.286s] Level 5:colcon.colcon_core.verb:set package 'isaac_ros_centerpose' build argument 'ament_cmake_args' from command line to 'None'
[0.286s] Level 5:colcon.colcon_core.verb:set package 'isaac_ros_centerpose' build argument 'catkin_cmake_args' from command line to 'None'
[0.286s] Level 5:colcon.colcon_core.verb:set package 'isaac_ros_centerpose' build argument 'catkin_skip_building_tests' from command line to 'False'
[0.286s] DEBUG:colcon.colcon_core.verb:Building package 'isaac_ros_centerpose' with the following arguments: {'ament_cmake_args': None, 'build_base': '/home/affan/Documents/FY_Project/build/isaac_ros_centerpose', 'catkin_cmake_args': None, 'catkin_skip_building_tests': False, 'cmake_args': None, 'cmake_clean_cache': False, 'cmake_clean_first': False, 'cmake_force_configure': False, 'cmake_target': None, 'cmake_target_skip_unavailable': False, 'install_base': '/home/affan/Documents/FY_Project/install/isaac_ros_centerpose', 'merge_install': False, 'path': '/home/affan/Documents/FY_Project/src/isaac_ros_pose_estimation/isaac_ros_centerpose', 'symlink_install': True, 'test_result_base': None}
[0.286s] Level 5:colcon.colcon_core.verb:set package 'isaac_ros_dope' build argument 'cmake_args' from command line to 'None'
[0.286s] Level 5:colcon.colcon_core.verb:set package 'isaac_ros_dope' build argument 'cmake_target' from command line to 'None'
[0.286s] Level 5:colcon.colcon_core.verb:set package 'isaac_ros_dope' build argument 'cmake_target_skip_unavailable' from command line to 'False'
[0.286s] Level 5:colcon.colcon_core.verb:set package 'isaac_ros_dope' build argument 'cmake_clean_cache' from command line to 'False'
[0.286s] Level 5:colcon.colcon_core.verb:set package 'isaac_ros_dope' build argument 'cmake_clean_first' from command line to 'False'
[0.286s] Level 5:colcon.colcon_core.verb:set package 'isaac_ros_dope' build argument 'cmake_force_configure' from command line to 'False'
[0.286s] Level 5:colcon.colcon_core.verb:set package 'isaac_ros_dope' build argument 'ament_cmake_args' from command line to 'None'
[0.286s] Level 5:colcon.colcon_core.verb:set package 'isaac_ros_dope' build argument 'catkin_cmake_args' from command line to 'None'
[0.286s] Level 5:colcon.colcon_core.verb:set package 'isaac_ros_dope' build argument 'catkin_skip_building_tests' from command line to 'False'
[0.286s] DEBUG:colcon.colcon_core.verb:Building package 'isaac_ros_dope' with the following arguments: {'ament_cmake_args': None, 'build_base': '/home/affan/Documents/FY_Project/build/isaac_ros_dope', 'catkin_cmake_args': None, 'catkin_skip_building_tests': False, 'cmake_args': None, 'cmake_clean_cache': False, 'cmake_clean_first': False, 'cmake_force_configure': False, 'cmake_target': None, 'cmake_target_skip_unavailable': False, 'install_base': '/home/affan/Documents/FY_Project/install/isaac_ros_dope', 'merge_install': False, 'path': '/home/affan/Documents/FY_Project/src/isaac_ros_pose_estimation/isaac_ros_dope', 'symlink_install': True, 'test_result_base': None}
[0.286s] Level 5:colcon.colcon_core.verb:set package 'isaac_ros_foundationpose' build argument 'cmake_args' from command line to 'None'
[0.287s] Level 5:colcon.colcon_core.verb:set package 'isaac_ros_foundationpose' build argument 'cmake_target' from command line to 'None'
[0.287s] Level 5:colcon.colcon_core.verb:set package 'isaac_ros_foundationpose' build argument 'cmake_target_skip_unavailable' from command line to 'False'
[0.287s] Level 5:colcon.colcon_core.verb:set package 'isaac_ros_foundationpose' build argument 'cmake_clean_cache' from command line to 'False'
[0.287s] Level 5:colcon.colcon_core.verb:set package 'isaac_ros_foundationpose' build argument 'cmake_clean_first' from command line to 'False'
[0.287s] Level 5:colcon.colcon_core.verb:set package 'isaac_ros_foundationpose' build argument 'cmake_force_configure' from command line to 'False'
[0.287s] Level 5:colcon.colcon_core.verb:set package 'isaac_ros_foundationpose' build argument 'ament_cmake_args' from command line to 'None'
[0.287s] Level 5:colcon.colcon_core.verb:set package 'isaac_ros_foundationpose' build argument 'catkin_cmake_args' from command line to 'None'
[0.287s] Level 5:colcon.colcon_core.verb:set package 'isaac_ros_foundationpose' build argument 'catkin_skip_building_tests' from command line to 'False'
[0.287s] DEBUG:colcon.colcon_core.verb:Building package 'isaac_ros_foundationpose' with the following arguments: {'ament_cmake_args': None, 'build_base': '/home/affan/Documents/FY_Project/build/isaac_ros_foundationpose', 'catkin_cmake_args': None, 'catkin_skip_building_tests': False, 'cmake_args': None, 'cmake_clean_cache': False, 'cmake_clean_first': False, 'cmake_force_configure': False, 'cmake_target': None, 'cmake_target_skip_unavailable': False, 'install_base': '/home/affan/Documents/FY_Project/install/isaac_ros_foundationpose', 'merge_install': False, 'path': '/home/affan/Documents/FY_Project/src/isaac_ros_pose_estimation/isaac_ros_foundationpose', 'symlink_install': True, 'test_result_base': None}
[0.287s] INFO:colcon.colcon_core.executor:Executing jobs using 'parallel' executor
[0.288s] DEBUG:colcon.colcon_parallel_executor.executor.parallel:run_until_complete
[0.288s] INFO:colcon.colcon_ros.task.ament_cmake.build:Building ROS package in '/home/affan/Documents/FY_Project/src/isaac_ros_pose_estimation/isaac_ros_gxf_extensions/gxf_isaac_centerpose' with build type 'ament_cmake'
[0.288s] INFO:colcon.colcon_cmake.task.cmake.build:Building CMake package in '/home/affan/Documents/FY_Project/src/isaac_ros_pose_estimation/isaac_ros_gxf_extensions/gxf_isaac_centerpose'
[0.290s] INFO:colcon.colcon_core.plugin_system:Skipping extension 'colcon_core.shell.bat': Not used on non-Windows systems
[0.290s] INFO:colcon.colcon_core.shell:Skip shell extension 'powershell' for command environment: Not usable outside of PowerShell
[0.290s] DEBUG:colcon.colcon_core.shell:Skip shell extension 'dsv' for command environment
[0.294s] INFO:colcon.colcon_ros.task.ament_cmake.build:Building ROS package in '/home/affan/Documents/FY_Project/src/isaac_ros_pose_estimation/isaac_ros_gxf_extensions/gxf_isaac_dope' with build type 'ament_cmake'
[0.294s] INFO:colcon.colcon_cmake.task.cmake.build:Building CMake package in '/home/affan/Documents/FY_Project/src/isaac_ros_pose_estimation/isaac_ros_gxf_extensions/gxf_isaac_dope'
[0.294s] INFO:colcon.colcon_core.shell:Skip shell extension 'powershell' for command environment: Not usable outside of PowerShell
[0.294s] DEBUG:colcon.colcon_core.shell:Skip shell extension 'dsv' for command environment
[0.297s] INFO:colcon.colcon_ros.task.ament_cmake.build:Building ROS package in '/home/affan/Documents/FY_Project/src/isaac_ros_pose_estimation/isaac_ros_gxf_extensions/gxf_isaac_foundationpose' with build type 'ament_cmake'
[0.297s] INFO:colcon.colcon_cmake.task.cmake.build:Building CMake package in '/home/affan/Documents/FY_Project/src/isaac_ros_pose_estimation/isaac_ros_gxf_extensions/gxf_isaac_foundationpose'
[0.297s] INFO:colcon.colcon_core.shell:Skip shell extension 'powershell' for command environment: Not usable outside of PowerShell
[0.297s] DEBUG:colcon.colcon_core.shell:Skip shell extension 'dsv' for command environment
[0.300s] INFO:colcon.colcon_ros.task.ament_cmake.build:Building ROS package in '/home/affan/Documents/FY_Project/src/isaac_ros_pose_estimation/isaac_ros_foundationpose_models_install' with build type 'ament_cmake'
[0.300s] INFO:colcon.colcon_cmake.task.cmake.build:Building CMake package in '/home/affan/Documents/FY_Project/src/isaac_ros_pose_estimation/isaac_ros_foundationpose_models_install'
[0.300s] INFO:colcon.colcon_core.shell:Skip shell extension 'powershell' for command environment: Not usable outside of PowerShell
[0.300s] DEBUG:colcon.colcon_core.shell:Skip shell extension 'dsv' for command environment
[0.303s] INFO:colcon.colcon_ros.task.ament_cmake.build:Building ROS package in '/home/affan/Documents/FY_Project/src/isaac_ros_pose_estimation/isaac_ros_pose_proc' with build type 'ament_cmake'
[0.303s] INFO:colcon.colcon_cmake.task.cmake.build:Building CMake package in '/home/affan/Documents/FY_Project/src/isaac_ros_pose_estimation/isaac_ros_pose_proc'
[0.303s] INFO:colcon.colcon_core.shell:Skip shell extension 'powershell' for command environment: Not usable outside of PowerShell
[0.303s] DEBUG:colcon.colcon_core.shell:Skip shell extension 'dsv' for command environment
[0.310s] DEBUG:colcon.colcon_core.event_handler.log_command:Invoking command in '/home/affan/Documents/FY_Project/build/gxf_isaac_centerpose': CMAKE_PREFIX_PATH=/opt/ros/humble /usr/bin/cmake /home/affan/Documents/FY_Project/src/isaac_ros_pose_estimation/isaac_ros_gxf_extensions/gxf_isaac_centerpose -DAMENT_CMAKE_SYMLINK_INSTALL=1 -DCMAKE_INSTALL_PREFIX=/home/affan/Documents/FY_Project/install/gxf_isaac_centerpose
[0.316s] DEBUG:colcon.colcon_core.event_handler.log_command:Invoking command in '/home/affan/Documents/FY_Project/build/gxf_isaac_dope': CMAKE_PREFIX_PATH=/opt/ros/humble /usr/bin/cmake /home/affan/Documents/FY_Project/src/isaac_ros_pose_estimation/isaac_ros_gxf_extensions/gxf_isaac_dope -DAMENT_CMAKE_SYMLINK_INSTALL=1 -DCMAKE_INSTALL_PREFIX=/home/affan/Documents/FY_Project/install/gxf_isaac_dope
[0.318s] DEBUG:colcon.colcon_core.event_handler.log_command:Invoking command in '/home/affan/Documents/FY_Project/build/gxf_isaac_foundationpose': CMAKE_PREFIX_PATH=/opt/ros/humble /usr/bin/cmake /home/affan/Documents/FY_Project/src/isaac_ros_pose_estimation/isaac_ros_gxf_extensions/gxf_isaac_foundationpose -DAMENT_CMAKE_SYMLINK_INSTALL=1 -DCMAKE_INSTALL_PREFIX=/home/affan/Documents/FY_Project/install/gxf_isaac_foundationpose
[0.320s] DEBUG:colcon.colcon_core.event_handler.log_command:Invoking command in '/home/affan/Documents/FY_Project/build/isaac_ros_foundationpose_models_install': CMAKE_PREFIX_PATH=/opt/ros/humble /usr/bin/cmake /home/affan/Documents/FY_Project/src/isaac_ros_pose_estimation/isaac_ros_foundationpose_models_install -DAMENT_CMAKE_SYMLINK_INSTALL=1 -DCMAKE_INSTALL_PREFIX=/home/affan/Documents/FY_Project/install/isaac_ros_foundationpose_models_install
[0.324s] DEBUG:colcon.colcon_core.event_handler.log_command:Invoking command in '/home/affan/Documents/FY_Project/build/isaac_ros_pose_proc': CMAKE_PREFIX_PATH=/opt/ros/humble /usr/bin/cmake /home/affan/Documents/FY_Project/src/isaac_ros_pose_estimation/isaac_ros_pose_proc -DAMENT_CMAKE_SYMLINK_INSTALL=1 -DCMAKE_INSTALL_PREFIX=/home/affan/Documents/FY_Project/install/isaac_ros_pose_proc
[0.751s] DEBUG:colcon.colcon_core.event_handler.log_command:Invoked command in '/home/affan/Documents/FY_Project/build/gxf_isaac_foundationpose' returned '1': CMAKE_PREFIX_PATH=/opt/ros/humble /usr/bin/cmake /home/affan/Documents/FY_Project/src/isaac_ros_pose_estimation/isaac_ros_gxf_extensions/gxf_isaac_foundationpose -DAMENT_CMAKE_SYMLINK_INSTALL=1 -DCMAKE_INSTALL_PREFIX=/home/affan/Documents/FY_Project/install/gxf_isaac_foundationpose
[0.767s] Level 1:colcon.colcon_core.environment:create_environment_scripts_only(gxf_isaac_foundationpose)
[0.777s] Level 1:colcon.colcon_core.environment:checking '/home/affan/Documents/FY_Project/install/gxf_isaac_foundationpose' for CMake module files
[0.777s] Level 1:colcon.colcon_core.environment:checking '/home/affan/Documents/FY_Project/install/gxf_isaac_foundationpose' for CMake config files
[0.778s] Level 1:colcon.colcon_core.environment:checking '/home/affan/Documents/FY_Project/install/gxf_isaac_foundationpose/bin'
[0.778s] Level 1:colcon.colcon_core.environment:checking '/home/affan/Documents/FY_Project/install/gxf_isaac_foundationpose/lib/pkgconfig/gxf_isaac_foundationpose.pc'
[0.778s] Level 1:colcon.colcon_core.environment:checking '/home/affan/Documents/FY_Project/install/gxf_isaac_foundationpose/lib/python3.10/site-packages'
[0.779s] Level 1:colcon.colcon_core.environment:checking '/home/affan/Documents/FY_Project/install/gxf_isaac_foundationpose/bin'
[0.779s] INFO:colcon.colcon_core.shell:Creating package script '/home/affan/Documents/FY_Project/install/gxf_isaac_foundationpose/share/gxf_isaac_foundationpose/package.ps1'
[0.781s] INFO:colcon.colcon_core.shell:Creating package descriptor '/home/affan/Documents/FY_Project/install/gxf_isaac_foundationpose/share/gxf_isaac_foundationpose/package.dsv'
[0.782s] INFO:colcon.colcon_core.shell:Creating package script '/home/affan/Documents/FY_Project/install/gxf_isaac_foundationpose/share/gxf_isaac_foundationpose/package.sh'
[0.783s] INFO:colcon.colcon_core.shell:Creating package script '/home/affan/Documents/FY_Project/install/gxf_isaac_foundationpose/share/gxf_isaac_foundationpose/package.bash'
[0.784s] INFO:colcon.colcon_core.shell:Creating package script '/home/affan/Documents/FY_Project/install/gxf_isaac_foundationpose/share/gxf_isaac_foundationpose/package.zsh'
[0.786s] Level 1:colcon.colcon_core.environment:create_file_with_runtime_dependencies(/home/affan/Documents/FY_Project/install/gxf_isaac_foundationpose/share/colcon-core/packages/gxf_isaac_foundationpose)
[1.867s] DEBUG:colcon.colcon_parallel_executor.executor.parallel:closing loop
[1.867s] DEBUG:colcon.colcon_parallel_executor.executor.parallel:loop closed
[1.867s] DEBUG:colcon.colcon_parallel_executor.executor.parallel:run_until_complete finished with '1'
[1.867s] DEBUG:colcon.colcon_core.event_reactor:joining thread
[1.873s] INFO:colcon.colcon_core.plugin_system:Skipping extension 'colcon_notification.desktop_notification.terminal_notifier': Not used on non-Darwin systems
[1.873s] INFO:colcon.colcon_core.plugin_system:Skipping extension 'colcon_notification.desktop_notification.win32': Not used on non-Windows systems
[1.873s] INFO:colcon.colcon_notification.desktop_notification:Sending desktop notification using 'notify2'
[1.883s] DEBUG:colcon.colcon_core.event_reactor:joined thread
[1.883s] INFO:colcon.colcon_core.shell:Creating prefix script '/home/affan/Documents/FY_Project/install/local_setup.ps1'
[1.884s] INFO:colcon.colcon_core.shell:Creating prefix util module '/home/affan/Documents/FY_Project/install/_local_setup_util_ps1.py'
[1.885s] INFO:colcon.colcon_core.shell:Creating prefix chain script '/home/affan/Documents/FY_Project/install/setup.ps1'
[1.886s] INFO:colcon.colcon_core.shell:Creating prefix script '/home/affan/Documents/FY_Project/install/local_setup.sh'
[1.886s] INFO:colcon.colcon_core.shell:Creating prefix util module '/home/affan/Documents/FY_Project/install/_local_setup_util_sh.py'
[1.887s] INFO:colcon.colcon_core.shell:Creating prefix chain script '/home/affan/Documents/FY_Project/install/setup.sh'
[1.887s] INFO:colcon.colcon_core.shell:Creating prefix script '/home/affan/Documents/FY_Project/install/local_setup.bash'
[1.888s] INFO:colcon.colcon_core.shell:Creating prefix chain script '/home/affan/Documents/FY_Project/install/setup.bash'
[1.888s] INFO:colcon.colcon_core.shell:Creating prefix script '/home/affan/Documents/FY_Project/install/local_setup.zsh'
[1.889s] INFO:colcon.colcon_core.shell:Creating prefix chain script '/home/affan/Documents/FY_Project/install/setup.zsh'
