[0.020s] Invoking command in '/home/affan/Documents/FY_Project/build/isaac_ros_foundationpose_models_install': CMAKE_PREFIX_PATH=/opt/ros/humble /usr/bin/cmake /home/affan/Documents/FY_Project/src/isaac_ros_pose_estimation/isaac_ros_foundationpose_models_install -DAMENT_CMAKE_SYMLINK_INSTALL=1 -DCMAKE_INSTALL_PREFIX=/home/affan/Documents/FY_Project/install/isaac_ros_foundationpose_models_install
[0.140s] -- The C compiler identification is GNU 11.4.0
[0.238s] -- The CXX compiler identification is GNU 11.4.0
[0.250s] -- Detecting C compiler ABI info
[0.324s] -- Detecting C compiler ABI info - done
[0.329s] -- Check for working C compiler: /usr/bin/cc - skipped
[0.329s] -- Detecting C compile features
[0.329s] -- Detecting C compile features - done
[0.333s] -- Detecting CXX compiler ABI info
[0.419s] -- Detecting CXX compiler ABI info - done
[0.425s] -- Check for working CXX compiler: /usr/bin/c++ - skipped
[0.425s] -- Detecting CXX compile features
[0.425s] -- Detecting CXX compile features - done
[0.431s] -- Found ament_cmake_auto: 1.3.12 (/opt/ros/humble/share/ament_cmake_auto/cmake)
[0.589s] -- Found Python3: /usr/bin/python3 (found version "3.10.12") found components: Interpreter 
[0.663s] -- Override CMake install command with custom implementation using symlinks instead of copying resources
[0.776s] [31mCMake Error at CMakeLists.txt:22 (install_isaac_ros_asset):
[0.776s]   Unknown CMake command "install_isaac_ros_asset".
[0.776s] 
[0.776s] [0m
[0.777s] -- Configuring incomplete, errors occurred!
[0.777s] See also "/home/affan/Documents/FY_Project/build/isaac_ros_foundationpose_models_install/CMakeFiles/CMakeOutput.log".
