-- The CUDA compiler identification is NVIDIA 11.5.119
-- Detecting CUDA compiler ABI info
-- Detecting CUDA compiler ABI info - done
-- Check for working CUDA compiler: /usr/bin/nvcc - skipped
-- Detecting CUDA compile features
-- Detecting CUDA compile features - done
-- Found ament_cmake_auto: 1.3.12 (/opt/ros/humble/share/ament_cmake_auto/cmake)
-- Found Python3: /usr/bin/python3 (found version "3.10.12") found components: Interpreter 
-- Override CMake install command with custom implementation using symlinks instead of copying resources
-- Found CUDAToolkit: /usr/include (found version "11.5.119") 
-- Looking for pthread.h
-- Looking for pthread.h - found
-- Performing Test CMAKE_HAVE_LIBC_PTHREAD
-- Performing Test CMAKE_HAVE_LIBC_PTHREAD - Success
-- Found Threads: TRUE  
[31mCMake Error at CMakeLists.txt:32 (find_package):
  By not providing "Findnvcv_types.cmake" in CMAKE_MODULE_PATH this project
  has asked CMake to find a package configuration file provided by
  "nvcv_types", but CMake did not find one.

  Could not find a package configuration file provided by "nvcv_types" with
  any of the following names:

    nvcv_typesConfig.cmake
    nvcv_types-config.cmake

  Add the installation prefix of "nvcv_types" to CMAKE_PREFIX_PATH or set
  "nvcv_types_DIR" to a directory containing one of the above files.  If
  "nvcv_types" provides a separate development package or SDK, be sure it has
  been installed.

[0m
-- Configuring incomplete, errors occurred!
See also "/home/affan/Documents/FY_Project/build/gxf_isaac_foundationpose/CMakeFiles/CMakeOutput.log".
See also "/home/affan/Documents/FY_Project/build/gxf_isaac_foundationpose/CMakeFiles/CMakeError.log".
