[0.019s] Invoking command in '/home/affan/Documents/FY_Project/build/gxf_isaac_foundationpose': CMAKE_PREFIX_PATH=/opt/ros/humble /usr/bin/cmake /home/affan/Documents/FY_Project/src/isaac_ros_pose_estimation/isaac_ros_gxf_extensions/gxf_isaac_foundationpose -DAMENT_CMAKE_SYMLINK_INSTALL=1 -DCMAKE_INSTALL_PREFIX=/home/affan/Documents/FY_Project/install/gxf_isaac_foundationpose
[0.873s] -- The CUDA compiler identification is NVIDIA 11.5.119
[0.878s] -- Detecting CUDA compiler ABI info
[1.575s] -- Detecting CUDA compiler ABI info - done
[1.593s] -- Check for working CUDA compiler: /usr/bin/nvcc - skipped
[1.593s] -- Detecting CUDA compile features
[1.593s] -- Detecting CUDA compile features - done
[1.594s] -- Found ament_cmake_auto: 1.3.12 (/opt/ros/humble/share/ament_cmake_auto/cmake)
[1.715s] -- Found Python3: /usr/bin/python3 (found version "3.10.12") found components: Interpreter 
[1.762s] -- Override CMake install command with custom implementation using symlinks instead of copying resources
[1.866s] -- Found CUDAToolkit: /usr/include (found version "11.5.119") 
[1.874s] -- Looking for pthread.h
[1.941s] -- Looking for pthread.h - found
[1.941s] -- Performing Test CMAKE_HAVE_LIBC_PTHREAD
[2.011s] -- Performing Test CMAKE_HAVE_LIBC_PTHREAD - Success
[2.011s] -- Found Threads: TRUE  
[2.051s] [31mCMake Error at CMakeLists.txt:32 (find_package):
[2.051s]   By not providing "Findnvcv_types.cmake" in CMAKE_MODULE_PATH this project
[2.051s]   has asked CMake to find a package configuration file provided by
[2.051s]   "nvcv_types", but CMake did not find one.
[2.051s] 
[2.051s]   Could not find a package configuration file provided by "nvcv_types" with
[2.051s]   any of the following names:
[2.052s] 
[2.052s]     nvcv_typesConfig.cmake
[2.052s]     nvcv_types-config.cmake
[2.052s] 
[2.052s]   Add the installation prefix of "nvcv_types" to CMAKE_PREFIX_PATH or set
[2.052s]   "nvcv_types_DIR" to a directory containing one of the above files.  If
[2.052s]   "nvcv_types" provides a separate development package or SDK, be sure it has
[2.052s]   been installed.
[2.052s] 
[2.052s] [0m
[2.052s] -- Configuring incomplete, errors occurred!
[2.052s] See also "/home/affan/Documents/FY_Project/build/gxf_isaac_foundationpose/CMakeFiles/CMakeOutput.log".
[2.052s] See also "/home/affan/Documents/FY_Project/build/gxf_isaac_foundationpose/CMakeFiles/CMakeError.log".
