[0.021s] Invoking command in '/home/affan/Documents/FY_Project/build/gxf_isaac_centerpose': CMAKE_PREFIX_PATH=/opt/ros/humble /usr/bin/cmake /home/affan/Documents/FY_Project/src/isaac_ros_pose_estimation/isaac_ros_gxf_extensions/gxf_isaac_centerpose -DAMENT_CMAKE_SYMLINK_INSTALL=1 -DCMAKE_INSTALL_PREFIX=/home/affan/Documents/FY_Project/install/gxf_isaac_centerpose
[0.151s] -- The C compiler identification is GNU 11.4.0
[0.249s] -- The CXX compiler identification is GNU 11.4.0
[0.261s] -- Detecting C compiler ABI info
[0.334s] -- Detecting C compiler ABI info - done
[0.339s] -- Check for working C compiler: /usr/bin/cc - skipped
[0.340s] -- Detecting C compile features
[0.340s] -- Detecting C compile features - done
[0.344s] -- Detecting CXX compiler ABI info
[0.429s] -- Detecting CXX compiler ABI info - done
[0.435s] -- Check for working CXX compiler: /usr/bin/c++ - skipped
[0.435s] -- Detecting CXX compile features
[0.436s] -- Detecting CXX compile features - done
[0.442s] -- Found ament_cmake_auto: 1.3.12 (/opt/ros/humble/share/ament_cmake_auto/cmake)
[0.600s] -- Found Python3: /usr/bin/python3 (found version "3.10.12") found components: Interpreter 
[0.674s] -- Override CMake install command with custom implementation using symlinks instead of copying resources
[0.815s] [31mCMake Error at /usr/share/cmake-3.22/Modules/FindCUDAToolkit.cmake:675 (message):
[0.815s]   Could not find nvcc, please set CUDAToolkit_ROOT.
[0.815s] Call Stack (most recent call first):
[0.815s]   CMakeLists.txt:29 (find_package)
[0.815s] 
[0.815s] [0m
[0.816s] -- Configuring incomplete, errors occurred!
[0.816s] See also "/home/affan/Documents/FY_Project/build/gxf_isaac_centerpose/CMakeFiles/CMakeOutput.log".
