[0.023s] Invoking command in '/home/affan/Documents/FY_Project/build/gxf_isaac_centerpose': CMAKE_PREFIX_PATH=/opt/ros/humble /usr/bin/cmake /home/affan/Documents/FY_Project/src/isaac_ros_pose_estimation/isaac_ros_gxf_extensions/gxf_isaac_centerpose -DAMENT_CMAKE_SYMLINK_INSTALL=1 -DCMAKE_INSTALL_PREFIX=/home/affan/Documents/FY_Project/install/gxf_isaac_centerpose
[0.035s] -- Found ament_cmake_auto: 1.3.12 (/opt/ros/humble/share/ament_cmake_auto/cmake)
[0.144s] -- Override CMake install command with custom implementation using symlinks instead of copying resources
[0.267s] -- Found CUDAToolkit: /usr/include (found version "11.5.119") 
[0.279s] -- Looking for pthread.h
[0.351s] -- Looking for pthread.h - found
[0.351s] -- Performing Test CMAKE_HAVE_LIBC_PTHREAD
[0.423s] -- Performing Test CMAKE_HAVE_LIBC_PTHREAD - Success
[0.424s] -- Found Threads: TRUE  
[0.467s] -- Found OpenCV: /usr (found version "4.5.4") 
[0.480s] [31mCMake Error at CMakeLists.txt:33 (find_package):
[0.480s]   By not providing "Findisaac_ros_nitros_detection3_d_array_type.cmake" in
[0.480s]   CMAKE_MODULE_PATH this project has asked CMake to find a package
[0.480s]   configuration file provided by "isaac_ros_nitros_detection3_d_array_type",
[0.480s]   but CMake did not find one.
[0.480s] 
[0.480s]   Could not find a package configuration file provided by
[0.481s]   "isaac_ros_nitros_detection3_d_array_type" with any of the following names:
[0.481s] 
[0.481s]     isaac_ros_nitros_detection3_d_array_typeConfig.cmake
[0.481s]     isaac_ros_nitros_detection3_d_array_type-config.cmake
[0.481s] 
[0.481s]   Add the installation prefix of "isaac_ros_nitros_detection3_d_array_type"
[0.481s]   to CMAKE_PREFIX_PATH or set "isaac_ros_nitros_detection3_d_array_type_DIR"
[0.481s]   to a directory containing one of the above files.  If
[0.481s]   "isaac_ros_nitros_detection3_d_array_type" provides a separate development
[0.481s]   package or SDK, be sure it has been installed.
[0.481s] 
[0.481s] [0m
[0.481s] -- Configuring incomplete, errors occurred!
[0.482s] See also "/home/affan/Documents/FY_Project/build/gxf_isaac_centerpose/CMakeFiles/CMakeOutput.log".
