[0.019s] Invoking command in '/home/affan/Documents/FY_Project/build/isaac_ros_pose_proc': CMAKE_PREFIX_PATH=/opt/ros/humble /usr/bin/cmake /home/affan/Documents/FY_Project/src/isaac_ros_pose_estimation/isaac_ros_pose_proc -DAMENT_CMAKE_SYMLINK_INSTALL=1 -DCMAKE_INSTALL_PREFIX=/home/affan/Documents/FY_Project/install/isaac_ros_pose_proc
[0.030s] -- Found ament_cmake_auto: 1.3.12 (/opt/ros/humble/share/ament_cmake_auto/cmake)
[0.142s] -- Override CMake install command with custom implementation using symlinks instead of copying resources
[0.235s] -- Found rosidl_generator_c: 3.1.7 (/opt/ros/humble/share/rosidl_generator_c/cmake)
[0.237s] -- Found rosidl_adapter: 3.1.7 (/opt/ros/humble/share/rosidl_adapter/cmake)
[0.243s] -- Found rosidl_generator_cpp: 3.1.7 (/opt/ros/humble/share/rosidl_generator_cpp/cmake)
[0.251s] -- Using all available rosidl_typesupport_c: rosidl_typesupport_fastrtps_c;rosidl_typesupport_introspection_c
[0.262s] -- Using all available rosidl_typesupport_cpp: rosidl_typesupport_fastrtps_cpp;rosidl_typesupport_introspection_cpp
[0.288s] -- Found rmw_implementation_cmake: 6.1.2 (/opt/ros/humble/share/rmw_implementation_cmake/cmake)
[0.289s] -- Found rmw_fastrtps_cpp: 6.2.9 (/opt/ros/humble/share/rmw_fastrtps_cpp/cmake)
[0.384s] -- Using RMW implementation 'rmw_fastrtps_cpp' as default
[0.514s] -- Found eigen3_cmake_module: 0.1.1 (/opt/ros/humble/share/eigen3_cmake_module/cmake)
[0.515s] -- Ensuring Eigen3 include directory is part of orocos-kdl CMake target
[0.539s] -- Found ament_lint_auto: 0.12.14 (/opt/ros/humble/share/ament_lint_auto/cmake)
[0.553s] -- Found launch_testing_ament_cmake: 1.0.11 (/opt/ros/humble/share/launch_testing_ament_cmake/cmake)
[0.553s] -- Found python_cmake_module: 0.10.0 (/opt/ros/humble/share/python_cmake_module/cmake)
[0.574s] -- Using PYTHON_EXECUTABLE: /usr/bin/python3
[0.574s] -- Using PYTHON_INCLUDE_DIRS: /usr/include/python3.10
[0.574s] -- Using PYTHON_LIBRARIES: /usr/lib/x86_64-linux-gnu/libpython3.10.so
[0.575s] [31mCMake Error at /opt/ros/humble/share/ament_cmake_core/cmake/index/ament_index_get_resource.cmake:62 (message):
[0.576s]   ament_index_get_resource() called with not existing resource
[0.576s]   ('isaac_ros_common_cmake_path' 'isaac_ros_common')
[0.576s] Call Stack (most recent call first):
[0.576s]   CMakeLists.txt:105 (ament_index_get_resource)
[0.576s] 
[0.576s] -- Configuring incomplete, errors occurred!
[0.576s] See also "/home/affan/Documents/FY_Project/build/isaac_ros_pose_proc/CMakeFiles/CMakeOutput.log".
[0.576s] [0m
